This is pdfTeX, Version 3.14159265-2.6-1.40.16 (TeX Live 2015) (preloaded format=pdflatex 2016.1.17)  22 JAN 2016 11:48
entering extended mode
 restricted \write18 enabled.
 %&-line parsing enabled.
**newtempchap09.tex
(./newtempchap09.tex
LaTeX2e <2015/10/01> patch level 2
Babel <3.9n> and hyphenation patterns for 79 languages loaded.
(./svmono.cls
Document Class: svmono 2003/07/23 3.9 
Springer Verlag global LaTeX document class for monographs

Class Springer-SVMono Warning: Specified option or subpackage "graybox" 
(Springer-SVMono)              not found passing it to article class 
(Springer-SVMono)              - on input line 159.

Class Springer-SVMono Info: extra/valid Springer sub-package 
(Springer-SVMono)           not found in option list - using "global" style.
(/local/texlive/2015/texmf-dist/tex/latex/base/article.cls
Document Class: article 2014/09/29 v1.4h Standard LaTeX document class
(/local/texlive/2015/texmf-dist/tex/latex/base/size10.clo
File: size10.clo 2014/09/29 v1.4h Standard LaTeX file (size option)
)
\c@part=\count79
\c@section=\count80
\c@subsection=\count81
\c@subsubsection=\count82
\c@paragraph=\count83
\c@subparagraph=\count84
\c@figure=\count85
\c@table=\count86
\abovecaptionskip=\skip41
\belowcaptionskip=\skip42
\bibindent=\dimen102
)
\betweenumberspace=\dimen103
\headlineindent=\dimen104
\c@chapter=\count87
\chapstarthookwidth=\dimen105
\svitemindent=\dimen106
\verbatimindent=\dimen107
LaTeX Font Info:    Redeclaring math symbol \Gamma on input line 638.
LaTeX Font Info:    Redeclaring math symbol \Delta on input line 639.
LaTeX Font Info:    Redeclaring math symbol \Theta on input line 640.
LaTeX Font Info:    Redeclaring math symbol \Lambda on input line 641.
LaTeX Font Info:    Redeclaring math symbol \Xi on input line 642.
LaTeX Font Info:    Redeclaring math symbol \Pi on input line 643.
LaTeX Font Info:    Redeclaring math symbol \Sigma on input line 644.
LaTeX Font Info:    Redeclaring math symbol \Upsilon on input line 645.
LaTeX Font Info:    Redeclaring math symbol \Phi on input line 646.
LaTeX Font Info:    Redeclaring math symbol \Psi on input line 647.
LaTeX Font Info:    Redeclaring math symbol \Omega on input line 648.
\tocchpnum=\dimen108
\tocsecnum=\dimen109
\tocsectotal=\dimen110
\tocsubsecnum=\dimen111
\tocsubsectotal=\dimen112
\tocsubsubsecnum=\dimen113
\tocsubsubsectotal=\dimen114
\tocparanum=\dimen115
\tocparatotal=\dimen116
\tocsubparanum=\dimen117
\foot@parindent=\dimen118
\spthmsep=\dimen119
\c@theorem=\count88
\c@case=\count89
\c@conjecture=\count90
\c@corollary=\count91
\c@definition=\count92
\c@example=\count93
\c@exercise=\count94
\c@lemma=\count95
\c@note=\count96
\c@problem=\count97
\c@property=\count98
\c@proposition=\count99
\c@question=\count100
\c@solution=\count101
\c@remark=\count102
\instindent=\dimen120
\figgap=\dimen121
\figcapgap=\dimen122
\tabcapgap=\dimen123
\c@merk=\count103
)
(/local/texlive/2015/texmf-dist/tex/latex/amsmath/amsmath.sty
Package: amsmath 2013/01/14 v2.14 AMS math features
\@mathmargin=\skip43

For additional information on amsmath, use the `?' option.
(/local/texlive/2015/texmf-dist/tex/latex/amsmath/amstext.sty
Package: amstext 2000/06/29 v2.01

(/local/texlive/2015/texmf-dist/tex/latex/amsmath/amsgen.sty
File: amsgen.sty 1999/11/30 v2.0
\@emptytoks=\toks14
\ex@=\dimen124
))
(/local/texlive/2015/texmf-dist/tex/latex/amsmath/amsbsy.sty
Package: amsbsy 1999/11/29 v1.2d
\pmbraise@=\dimen125
)
(/local/texlive/2015/texmf-dist/tex/latex/amsmath/amsopn.sty
Package: amsopn 1999/12/14 v2.01 operator names
)
\inf@bad=\count104
LaTeX Info: Redefining \frac on input line 210.
\uproot@=\count105
\leftroot@=\count106
LaTeX Info: Redefining \overline on input line 306.
\classnum@=\count107
\DOTSCASE@=\count108
LaTeX Info: Redefining \ldots on input line 378.
LaTeX Info: Redefining \dots on input line 381.
LaTeX Info: Redefining \cdots on input line 466.
\Mathstrutbox@=\box26
\strutbox@=\box27
\big@size=\dimen126
LaTeX Font Info:    Redeclaring font encoding OML on input line 566.
LaTeX Font Info:    Redeclaring font encoding OMS on input line 567.


Package amsmath Warning: Unable to redefine math accent \vec.

\macc@depth=\count109
\c@MaxMatrixCols=\count110
\dotsspace@=\muskip10
\c@parentequation=\count111
\dspbrk@lvl=\count112
\tag@help=\toks15
\row@=\count113
\column@=\count114
\maxfields@=\count115
\andhelp@=\toks16
\eqnshift@=\dimen127
\alignsep@=\dimen128
\tagshift@=\dimen129
\tagwidth@=\dimen130
\totwidth@=\dimen131
\lineht@=\dimen132
\@envbody=\toks17
\multlinegap=\skip44
\multlinetaggap=\skip45
\mathdisplay@stack=\toks18
LaTeX Info: Redefining \[ on input line 2665.
LaTeX Info: Redefining \] on input line 2666.
) (/local/texlive/2015/texmf-dist/tex/latex/amsfonts/amssymb.sty
Package: amssymb 2013/01/14 v3.01 AMS font symbols

(/local/texlive/2015/texmf-dist/tex/latex/amsfonts/amsfonts.sty
Package: amsfonts 2013/01/14 v3.01 Basic AMSFonts support
\symAMSa=\mathgroup4
\symAMSb=\mathgroup5
LaTeX Font Info:    Overwriting math alphabet `\mathfrak' in version `bold'
(Font)                  U/euf/m/n --> U/euf/b/n on input line 106.
))
(./DLMFmath.sty
Package: DLMFmath 2000/12/20 Math Macros for DLMF
 (/local/texlive/2015/texmf-dist/tex/latex/jknapltx/mathrsfs.sty
Package: mathrsfs 1996/01/01 Math RSFS package v1.0 (jk)
\symrsfs=\mathgroup6
) (./DLMFdefun.sty) (./DLMFfcns.sty
Package: DLMFfcns 2010/09/23 Special Function Macros for DLMF
 
! Warning: redefining \ln 
! Warning: redefining \log 
! Warning: redefining \exp 
! Warning: redefining \sin 
! Warning: redefining \cos 
! Warning: redefining \tan 
! Warning: redefining \csc 
! Warning: redefining \sec 
! Warning: redefining \cot 
! Warning: redefining \sinh 
! Warning: redefining \cosh 
! Warning: redefining \tanh 
! Warning: redefining \coth 
! Warning: redefining \log
LaTeX Info: Redefining \log@ on input line 70.
LaTeX Info: Redefining \log@@ on input line 70.
)) (./DRMFfcns.sty
Package: DRMFfcns 2013/09/09 DRMF initial stuff


! Warning: redefining \normWilsonW
LaTeX Info: Redefining \normWilsonW@ on input line 48.
)
(/local/texlive/2015/texmf-dist/tex/latex/psnfss/mathptmx.sty
Package: mathptmx 2005/04/12 PSNFSS-v9.2a Times w/ Math, improved (SPQR, WaS) 
LaTeX Font Info:    Redeclaring symbol font `operators' on input line 28.
LaTeX Font Info:    Overwriting symbol font `operators' in version `normal'
(Font)                  OT1/cmr/m/n --> OT1/ztmcm/m/n on input line 28.
LaTeX Font Info:    Overwriting symbol font `operators' in version `bold'
(Font)                  OT1/cmr/bx/n --> OT1/ztmcm/m/n on input line 28.
LaTeX Font Info:    Redeclaring symbol font `letters' on input line 29.
LaTeX Font Info:    Overwriting symbol font `letters' in version `normal'
(Font)                  OML/cmm/m/it --> OML/ztmcm/m/it on input line 29.
LaTeX Font Info:    Overwriting symbol font `letters' in version `bold'
(Font)                  OML/cmm/b/it --> OML/ztmcm/m/it on input line 29.
LaTeX Font Info:    Redeclaring symbol font `symbols' on input line 30.
LaTeX Font Info:    Overwriting symbol font `symbols' in version `normal'
(Font)                  OMS/cmsy/m/n --> OMS/ztmcm/m/n on input line 30.
LaTeX Font Info:    Overwriting symbol font `symbols' in version `bold'
(Font)                  OMS/cmsy/b/n --> OMS/ztmcm/m/n on input line 30.
LaTeX Font Info:    Redeclaring symbol font `largesymbols' on input line 31.
LaTeX Font Info:    Overwriting symbol font `largesymbols' in version `normal'
(Font)                  OMX/cmex/m/n --> OMX/ztmcm/m/n on input line 31.
LaTeX Font Info:    Overwriting symbol font `largesymbols' in version `bold'
(Font)                  OMX/cmex/m/n --> OMX/ztmcm/m/n on input line 31.
\symbold=\mathgroup7
\symitalic=\mathgroup8
LaTeX Font Info:    Redeclaring math alphabet \mathbf on input line 34.
LaTeX Font Info:    Overwriting math alphabet `\mathbf' in version `normal'
(Font)                  OT1/cmr/bx/n --> OT1/ptm/bx/n on input line 34.
LaTeX Font Info:    Overwriting math alphabet `\mathbf' in version `bold'
(Font)                  OT1/cmr/bx/n --> OT1/ptm/bx/n on input line 34.
LaTeX Font Info:    Redeclaring math alphabet \mathit on input line 35.
LaTeX Font Info:    Overwriting math alphabet `\mathit' in version `normal'
(Font)                  OT1/cmr/m/it --> OT1/ptm/m/it on input line 35.
LaTeX Font Info:    Overwriting math alphabet `\mathit' in version `bold'
(Font)                  OT1/cmr/bx/it --> OT1/ptm/m/it on input line 35.
LaTeX Info: Redefining \hbar on input line 50.
)
(/local/texlive/2015/texmf-dist/tex/latex/psnfss/helvet.sty
Package: helvet 2005/04/12 PSNFSS-v9.2a (WaS) 

(/local/texlive/2015/texmf-dist/tex/latex/graphics/keyval.sty
Package: keyval 2014/10/28 v1.15 key=value parser (DPC)
\KV@toks@=\toks19
))
(/local/texlive/2015/texmf-dist/tex/latex/psnfss/courier.sty
Package: courier 2005/04/12 PSNFSS-v9.2a (WaS) 
)
(/local/texlive/2015/texmf-dist/tex/latex/base/makeidx.sty
Package: makeidx 2014/09/29 v1.0m Standard LaTeX package
)
(/local/texlive/2015/texmf-dist/tex/latex/graphics/graphicx.sty
Package: graphicx 2014/10/28 v1.0g Enhanced LaTeX Graphics (DPC,SPQR)

(/local/texlive/2015/texmf-dist/tex/latex/graphics/graphics.sty
Package: graphics 2014/10/28 v1.0p Standard LaTeX Graphics (DPC,SPQR)

(/local/texlive/2015/texmf-dist/tex/latex/graphics/trig.sty
Package: trig 1999/03/16 v1.09 sin cos tan (DPC)
)
(/local/texlive/2015/texmf-dist/tex/latex/latexconfig/graphics.cfg
File: graphics.cfg 2010/04/23 v1.9 graphics configuration of TeX Live
)
Package graphics Info: Driver file: pdftex.def on input line 94.

(/local/texlive/2015/texmf-dist/tex/latex/pdftex-def/pdftex.def
File: pdftex.def 2011/05/27 v0.06d Graphics/color for pdfTeX

(/local/texlive/2015/texmf-dist/tex/generic/oberdiek/infwarerr.sty
Package: infwarerr 2010/04/08 v1.3 Providing info/warning/error messages (HO)
)
(/local/texlive/2015/texmf-dist/tex/generic/oberdiek/ltxcmds.sty
Package: ltxcmds 2011/11/09 v1.22 LaTeX kernel commands for general use (HO)
)
\Gread@gobject=\count116
))
\Gin@req@height=\dimen133
\Gin@req@width=\dimen134
)
(/local/texlive/2015/texmf-dist/tex/latex/tools/multicol.sty
Package: multicol 2015/08/19 v1.8n multicolumn formatting (FMi)
\c@tracingmulticols=\count117
\mult@box=\box28
\multicol@leftmargin=\dimen135
\c@unbalance=\count118
\c@collectmore=\count119
\doublecol@number=\count120
\multicoltolerance=\count121
\multicolpretolerance=\count122
\full@width=\dimen136
\page@free=\dimen137
\premulticols=\dimen138
\postmulticols=\dimen139
\multicolsep=\skip46
\multicolbaselineskip=\skip47
\partial@page=\box29
\last@line=\box30
\maxbalancingoverflow=\dimen140
\mult@rightbox=\box31
\mult@grightbox=\box32
\mult@gfirstbox=\box33
\mult@firstbox=\box34
\@tempa=\box35
\@tempa=\box36
\@tempa=\box37
\@tempa=\box38
\@tempa=\box39
\@tempa=\box40
\@tempa=\box41
\@tempa=\box42
\@tempa=\box43
\@tempa=\box44
\@tempa=\box45
\@tempa=\box46
\@tempa=\box47
\@tempa=\box48
\@tempa=\box49
\@tempa=\box50
\@tempa=\box51
\c@columnbadness=\count123
\c@finalcolumnbadness=\count124
\last@try=\dimen141
\multicolovershoot=\dimen142
\multicolundershoot=\dimen143
\mult@nat@firstbox=\box52
\colbreak@box=\box53
\mc@col@check@num=\count125
)
(/local/texlive/2015/texmf-dist/tex/latex/footmisc/footmisc.sty
Package: footmisc 2011/06/06 v5.5b a miscellany of footnote facilities
\FN@temptoken=\toks20
\footnotemargin=\dimen144
\c@pp@next@reset=\count126
Package footmisc Info: Declaring symbol style bringhurst on input line 855.
Package footmisc Info: Declaring symbol style chicago on input line 863.
Package footmisc Info: Declaring symbol style wiley on input line 872.
Package footmisc Info: Declaring symbol style lamport-robust on input line 883.

Package footmisc Info: Declaring symbol style lamport* on input line 903.
Package footmisc Info: Declaring symbol style lamport*-robust on input line 924
.
)
(/local/texlive/2015/texmf-dist/tex/latex/hyperref/hyperref.sty
Package: hyperref 2012/11/06 v6.83m Hypertext links for LaTeX

(/local/texlive/2015/texmf-dist/tex/generic/oberdiek/hobsub-hyperref.sty
Package: hobsub-hyperref 2012/05/28 v1.13 Bundle oberdiek, subset hyperref (HO)


(/local/texlive/2015/texmf-dist/tex/generic/oberdiek/hobsub-generic.sty
Package: hobsub-generic 2012/05/28 v1.13 Bundle oberdiek, subset generic (HO)
Package: hobsub 2012/05/28 v1.13 Construct package bundles (HO)
Package hobsub Info: Skipping package `infwarerr' (already loaded).
Package hobsub Info: Skipping package `ltxcmds' (already loaded).
Package: ifluatex 2010/03/01 v1.3 Provides the ifluatex switch (HO)
Package ifluatex Info: LuaTeX not detected.
Package: ifvtex 2010/03/01 v1.5 Detect VTeX and its facilities (HO)
Package ifvtex Info: VTeX not detected.
Package: intcalc 2007/09/27 v1.1 Expandable calculations with integers (HO)
Package: ifpdf 2011/01/30 v2.3 Provides the ifpdf switch (HO)
Package ifpdf Info: pdfTeX in PDF mode is detected.
Package: etexcmds 2011/02/16 v1.5 Avoid name clashes with e-TeX commands (HO)
Package etexcmds Info: Could not find \expanded.
(etexcmds)             That can mean that you are not using pdfTeX 1.50 or
(etexcmds)             that some package has redefined \expanded.
(etexcmds)             In the latter case, load this package earlier.
Package: kvsetkeys 2012/04/25 v1.16 Key value parser (HO)
Package: kvdefinekeys 2011/04/07 v1.3 Define keys (HO)
Package: pdftexcmds 2011/11/29 v0.20 Utility functions of pdfTeX for LuaTeX (HO
)
Package pdftexcmds Info: LuaTeX not detected.
Package pdftexcmds Info: \pdf@primitive is available.
Package pdftexcmds Info: \pdf@ifprimitive is available.
Package pdftexcmds Info: \pdfdraftmode found.
Package: pdfescape 2011/11/25 v1.13 Implements pdfTeX's escape features (HO)
Package: bigintcalc 2012/04/08 v1.3 Expandable calculations on big integers (HO
)
Package: bitset 2011/01/30 v1.1 Handle bit-vector datatype (HO)
Package: uniquecounter 2011/01/30 v1.2 Provide unlimited unique counter (HO)
)
Package hobsub Info: Skipping package `hobsub' (already loaded).
Package: letltxmacro 2010/09/02 v1.4 Let assignment for LaTeX macros (HO)
Package: hopatch 2012/05/28 v1.2 Wrapper for package hooks (HO)
Package: xcolor-patch 2011/01/30 xcolor patch
Package: atveryend 2011/06/30 v1.8 Hooks at the very end of document (HO)
Package atveryend Info: \enddocument detected (standard20110627).
Package: atbegshi 2011/10/05 v1.16 At begin shipout hook (HO)
Package: refcount 2011/10/16 v3.4 Data extraction from label references (HO)
Package: hycolor 2011/01/30 v1.7 Color options for hyperref/bookmark (HO)
)
(/local/texlive/2015/texmf-dist/tex/generic/ifxetex/ifxetex.sty
Package: ifxetex 2010/09/12 v0.6 Provides ifxetex conditional
)
(/local/texlive/2015/texmf-dist/tex/latex/oberdiek/auxhook.sty
Package: auxhook 2011/03/04 v1.3 Hooks for auxiliary files (HO)
)
(/local/texlive/2015/texmf-dist/tex/latex/oberdiek/kvoptions.sty
Package: kvoptions 2011/06/30 v3.11 Key value format for package options (HO)
)
\@linkdim=\dimen145
\Hy@linkcounter=\count127
\Hy@pagecounter=\count128

(/local/texlive/2015/texmf-dist/tex/latex/hyperref/pd1enc.def
File: pd1enc.def 2012/11/06 v6.83m Hyperref: PDFDocEncoding definition (HO)
)
\Hy@SavedSpaceFactor=\count129

(/local/texlive/2015/texmf-dist/tex/latex/latexconfig/hyperref.cfg
File: hyperref.cfg 2002/06/06 v1.2 hyperref configuration of TeXLive
)
Package hyperref Info: Hyper figures OFF on input line 4443.
Package hyperref Info: Link nesting OFF on input line 4448.
Package hyperref Info: Hyper index ON on input line 4451.
Package hyperref Info: Plain pages OFF on input line 4458.
Package hyperref Info: Backreferencing OFF on input line 4463.
Package hyperref Info: Implicit mode ON; LaTeX internals redefined.
Package hyperref Info: Bookmarks ON on input line 4688.
\c@Hy@tempcnt=\count130

(/local/texlive/2015/texmf-dist/tex/latex/url/url.sty
\Urlmuskip=\muskip11
Package: url 2013/09/16  ver 3.4  Verb mode for urls, etc.
)
LaTeX Info: Redefining \url on input line 5041.
\XeTeXLinkMargin=\dimen146
\Fld@menulength=\count131
\Field@Width=\dimen147
\Fld@charsize=\dimen148
Package hyperref Info: Hyper figures OFF on input line 6295.
Package hyperref Info: Link nesting OFF on input line 6300.
Package hyperref Info: Hyper index ON on input line 6303.
Package hyperref Info: backreferencing OFF on input line 6310.
Package hyperref Info: Link coloring OFF on input line 6315.
Package hyperref Info: Link coloring with OCG OFF on input line 6320.
Package hyperref Info: PDF/A mode OFF on input line 6325.
LaTeX Info: Redefining \ref on input line 6365.
LaTeX Info: Redefining \pageref on input line 6369.
\Hy@abspage=\count132
\c@Item=\count133
\c@Hfootnote=\count134
)

Package hyperref Message: Driver (autodetected): hpdftex.

(/local/texlive/2015/texmf-dist/tex/latex/hyperref/hpdftex.def
File: hpdftex.def 2012/11/06 v6.83m Hyperref driver for pdfTeX
\Fld@listcount=\count135
\c@bookmark@seq@number=\count136

(/local/texlive/2015/texmf-dist/tex/latex/oberdiek/rerunfilecheck.sty
Package: rerunfilecheck 2011/04/15 v1.7 Rerun checks for auxiliary files (HO)
Package uniquecounter Info: New unique counter `rerunfilecheck' on input line 2
82.
)
\Hy@SectionHShift=\skip48
)
(/local/texlive/2015/texmf-dist/tex/latex/l3packages/xparse/xparse.sty
(/local/texlive/2015/texmf-dist/tex/latex/l3kernel/expl3.sty
Package: expl3 2016/01/03 v6358 L3 programming layer (loader) 

(/local/texlive/2015/texmf-dist/tex/latex/l3kernel/expl3-code.tex
Package: expl3 2016/01/03 v6358 L3 programming layer (code)
L3 Module: l3bootstrap 2016/01/01 v6339 L3 Bootstrap code
L3 Module: l3names 2015/12/21 v6328 L3 Namespace for primitives
L3 Module: l3basics 2015/11/22 v6315 L3 Basic definitions
L3 Module: l3expan 2015/09/10 v5983 L3 Argument expansion
L3 Module: l3tl 2015/09/29 v6121 L3 Token lists
L3 Module: l3str 2016/01/03 v6357 L3 Strings
L3 Module: l3seq 2015/08/05 v5777 L3 Sequences and stacks
L3 Module: l3int 2015/09/25 v6089 L3 Integers
\c_max_int=\count137
\l_tmpa_int=\count138
\l_tmpb_int=\count139
\g_tmpa_int=\count140
\g_tmpb_int=\count141
L3 Module: l3quark 2015/08/17 v5855 L3 Quarks
L3 Module: l3prg 2015/11/01 v6216 L3 Control structures
\g__prg_map_int=\count142
L3 Module: l3clist 2015/09/02 v5901 L3 Comma separated lists
L3 Module: l3token 2015/11/11 v6249 L3 Experimental token manipulation
L3 Module: l3prop 2015/08/05 v5777 L3 Property lists
L3 Module: l3msg 2015/09/28 v6113 L3 Messages
L3 Module: l3file 2015/12/03 v6317 L3 File and I/O operations
\l_iow_line_count_int=\count143
\l__iow_target_count_int=\count144
\l__iow_current_line_int=\count145
\l__iow_current_word_int=\count146
\l__iow_current_indentation_int=\count147
L3 Module: l3skip 2015/09/25 v6089 L3 Dimensions and skips
\c_zero_dim=\dimen149
\c_max_dim=\dimen150
\l_tmpa_dim=\dimen151
\l_tmpb_dim=\dimen152
\g_tmpa_dim=\dimen153
\g_tmpb_dim=\dimen154
\c_zero_skip=\skip49
\c_max_skip=\skip50
\l_tmpa_skip=\skip51
\l_tmpb_skip=\skip52
\g_tmpa_skip=\skip53
\g_tmpb_skip=\skip54
\c_zero_muskip=\muskip12
\c_max_muskip=\muskip13
\l_tmpa_muskip=\muskip14
\l_tmpb_muskip=\muskip15
\g_tmpa_muskip=\muskip16
\g_tmpb_muskip=\muskip17
L3 Module: l3keys 2015/11/17 v6284 L3 Key-value interfaces
\g__keyval_level_int=\count148
\l_keys_choice_int=\count149
L3 Module: l3fp 2015/08/25 v5890 L3 Floating points
\c__fp_leading_shift_int=\count150
\c__fp_middle_shift_int=\count151
\c__fp_trailing_shift_int=\count152
\c__fp_big_leading_shift_int=\count153
\c__fp_big_middle_shift_int=\count154
\c__fp_big_trailing_shift_int=\count155
\c__fp_Bigg_leading_shift_int=\count156
\c__fp_Bigg_middle_shift_int=\count157
\c__fp_Bigg_trailing_shift_int=\count158
L3 Module: l3box 2015/08/09 v5822 L3 Experimental boxes
\c_empty_box=\box54
\l_tmpa_box=\box55
\l_tmpb_box=\box56
\g_tmpa_box=\box57
\g_tmpb_box=\box58
L3 Module: l3coffins 2015/08/06 v5789 L3 Coffin code layer
\l__coffin_internal_box=\box59
\l__coffin_internal_dim=\dimen155
\l__coffin_offset_x_dim=\dimen156
\l__coffin_offset_y_dim=\dimen157
\l__coffin_x_dim=\dimen158
\l__coffin_y_dim=\dimen159
\l__coffin_x_prime_dim=\dimen160
\l__coffin_y_prime_dim=\dimen161
\c_empty_coffin=\box60
\l__coffin_aligned_coffin=\box61
\l__coffin_aligned_internal_coffin=\box62
\l_tmpa_coffin=\box63
\l_tmpb_coffin=\box64
\l__coffin_display_coffin=\box65
\l__coffin_display_coord_coffin=\box66
\l__coffin_display_pole_coffin=\box67
\l__coffin_display_offset_dim=\dimen162
\l__coffin_display_x_dim=\dimen163
\l__coffin_display_y_dim=\dimen164
L3 Module: l3color 2014/08/23 v5354 L3 Experimental color support
L3 Module: l3candidates 2015/12/20 v6325 L3 Experimental additions to l3kernel
\l__box_top_dim=\dimen165
\l__box_bottom_dim=\dimen166
\l__box_left_dim=\dimen167
\l__box_right_dim=\dimen168
\l__box_top_new_dim=\dimen169
\l__box_bottom_new_dim=\dimen170
\l__box_left_new_dim=\dimen171
\l__box_right_new_dim=\dimen172
\l__box_internal_box=\box68
\l__coffin_bounding_shift_dim=\dimen173
\l__coffin_left_corner_dim=\dimen174
\l__coffin_right_corner_dim=\dimen175
\l__coffin_bottom_corner_dim=\dimen176
\l__coffin_top_corner_dim=\dimen177
\l__coffin_scaled_total_height_dim=\dimen178
\l__coffin_scaled_width_dim=\dimen179
L3 Module: l3sys 2015/09/25 v6087 L3 Experimental system/runtime functions
L3 Module: l3luatex 2015/11/11 v6250 L3 Experimental LuaTeX-specific functions
)
(/local/texlive/2015/texmf-dist/tex/latex/l3kernel/l3pdfmode.def
File: l3pdfmode.def 2015/11/11 v6250 L3 Experimental driver: PDF mode
\l__driver_color_stack_int=\count159
))
Package: xparse 2015/12/20 v6326 L3 Experimental document command parser
\l__xparse_current_arg_int=\count160
\l__xparse_m_args_int=\count161
\l__xparse_mandatory_args_int=\count162
\l__xparse_processor_int=\count163
\l__xparse_v_nesting_int=\count164
)
(/local/texlive/2015/texmf-dist/tex/latex/cite/cite.sty
LaTeX Info: Redefining \cite on input line 302.
LaTeX Info: Redefining \nocite on input line 332.
Package: cite 2015/02/27  v 5.5
)
\@indexfile=\write3
\openout3 = `newtempchap09.idx'.


Writing index file newtempchap09.idx
\c@rom=\count165
.................................................
. LaTeX info: "xparse/define-command"
. 
. Defining command \mycite with sig. 'm g' on line 113.
.................................................
.................................................
. LaTeX info: "xparse/define-command"
. 
. Defining command \myciteKLS with sig. 'm g' on line 125.
.................................................

LaTeX Warning: Unused global option(s):
    [graybox].

(./newtempchap09.aux)
\openout1 = `newtempchap09.aux'.

LaTeX Font Info:    Checking defaults for OML/cmm/m/it on input line 128.
LaTeX Font Info:    ... okay on input line 128.
LaTeX Font Info:    Checking defaults for T1/cmr/m/n on input line 128.
LaTeX Font Info:    ... okay on input line 128.
LaTeX Font Info:    Checking defaults for OT1/cmr/m/n on input line 128.
LaTeX Font Info:    ... okay on input line 128.
LaTeX Font Info:    Checking defaults for OMS/cmsy/m/n on input line 128.
LaTeX Font Info:    ... okay on input line 128.
LaTeX Font Info:    Checking defaults for OMX/cmex/m/n on input line 128.
LaTeX Font Info:    ... okay on input line 128.
LaTeX Font Info:    Checking defaults for U/cmr/m/n on input line 128.
LaTeX Font Info:    ... okay on input line 128.
LaTeX Font Info:    Checking defaults for PD1/pdf/m/n on input line 128.
LaTeX Font Info:    ... okay on input line 128.
LaTeX Font Info:    Try loading font information for OT1+ptm on input line 128.


(/local/texlive/2015/texmf-dist/tex/latex/psnfss/ot1ptm.fd
File: ot1ptm.fd 2001/06/04 font definitions for OT1/ptm.
)
(/local/texlive/2015/texmf-dist/tex/context/base/supp-pdf.mkii
[Loading MPS to PDF converter (version 2006.09.02).]
\scratchcounter=\count166
\scratchdimen=\dimen180
\scratchbox=\box69
\nofMPsegments=\count167
\nofMParguments=\count168
\everyMPshowfont=\toks21
\MPscratchCnt=\count169
\MPscratchDim=\dimen181
\MPnumerator=\count170
\makeMPintoPDFobject=\count171
\everyMPtoPDFconversion=\toks22
) (/local/texlive/2015/texmf-dist/tex/latex/oberdiek/epstopdf-base.sty
Package: epstopdf-base 2010/02/09 v2.5 Base part for package epstopdf

(/local/texlive/2015/texmf-dist/tex/latex/oberdiek/grfext.sty
Package: grfext 2010/08/19 v1.1 Manage graphics extensions (HO)
)
Package grfext Info: Graphics extension search list:
(grfext)             [.png,.pdf,.jpg,.mps,.jpeg,.jbig2,.jb2,.PNG,.PDF,.JPG,.JPE
G,.JBIG2,.JB2,.eps]
(grfext)             \AppendGraphicsExtensions on input line 452.

(/local/texlive/2015/texmf-dist/tex/latex/latexconfig/epstopdf-sys.cfg
File: epstopdf-sys.cfg 2010/07/13 v1.3 Configuration of (r)epstopdf for TeX Liv
e
))
\AtBeginShipoutBox=\box70
Package hyperref Info: Link coloring OFF on input line 128.

(/local/texlive/2015/texmf-dist/tex/latex/hyperref/nameref.sty
Package: nameref 2012/10/27 v2.43 Cross-referencing by name of section

(/local/texlive/2015/texmf-dist/tex/generic/oberdiek/gettitlestring.sty
Package: gettitlestring 2010/12/03 v1.4 Cleanup title references (HO)
)
\c@section@level=\count172
)
LaTeX Info: Redefining \ref on input line 128.
LaTeX Info: Redefining \pageref on input line 128.
LaTeX Info: Redefining \nameref on input line 128.

(./newtempchap09.out) (./newtempchap09.out)
\@outlinefile=\write4
\openout4 = `newtempchap09.out'.

LaTeX Font Info:    Try loading font information for OT1+ztmcm on input line 13
4.

(/local/texlive/2015/texmf-dist/tex/latex/psnfss/ot1ztmcm.fd
File: ot1ztmcm.fd 2000/01/03 Fontinst v1.801 font definitions for OT1/ztmcm.
)
LaTeX Font Info:    Try loading font information for OML+ztmcm on input line 13
4.

(/local/texlive/2015/texmf-dist/tex/latex/psnfss/omlztmcm.fd
File: omlztmcm.fd 2000/01/03 Fontinst v1.801 font definitions for OML/ztmcm.
)
LaTeX Font Info:    Try loading font information for OMS+ztmcm on input line 13
4.

(/local/texlive/2015/texmf-dist/tex/latex/psnfss/omsztmcm.fd
File: omsztmcm.fd 2000/01/03 Fontinst v1.801 font definitions for OMS/ztmcm.
)
LaTeX Font Info:    Try loading font information for OMX+ztmcm on input line 13
4.

(/local/texlive/2015/texmf-dist/tex/latex/psnfss/omxztmcm.fd
File: omxztmcm.fd 2000/01/03 Fontinst v1.801 font definitions for OMX/ztmcm.
)
LaTeX Font Info:    Try loading font information for U+rsfs on input line 134.

(/local/texlive/2015/texmf-dist/tex/latex/jknapltx/ursfs.fd
File: ursfs.fd 1998/03/24 rsfs font definition file (jk)
)
LaTeX Font Info:    Font shape `OT1/ptm/bx/n' in size <24.88> not available
(Font)              Font shape `OT1/ptm/b/n' tried instead on input line 134.
LaTeX Font Info:    Font shape `OT1/ptm/bx/n' in size <17.28> not available
(Font)              Font shape `OT1/ptm/b/n' tried instead on input line 134.
LaTeX Font Info:    Font shape `OT1/ptm/bx/n' in size <14.4> not available
(Font)              Font shape `OT1/ptm/b/n' tried instead on input line 134.
 [1

{/local/texlive/2015/texmf-var/fonts/map/pdftex/updmap/pdftex.map}] [2

]

Package mathptmx Warning: There are no bold math fonts on input line 141.

LaTeX Font Info:    Font shape `OT1/ptm/bx/n' in size <12> not available
(Font)              Font shape `OT1/ptm/b/n' tried instead on input line 146.

LaTeX Warning: Reference `scheme' on page i undefined on input line 146.


LaTeX Warning: Citation `Terwilliger2006' on page i undefined on input line 153
.


LaTeX Warning: Citation `TemmeLopez2001' on page i undefined on input line 154.



LaTeX Warning: Reference `Definitions' on page i undefined on input line 155.

LaTeX Font Info:    Font shape `OT1/ptm/bx/n' in size <10> not available
(Font)              Font shape `OT1/ptm/b/n' tried instead on input line 161.
LaTeX Font Info:    Font shape `OT1/ptm/bx/n' in size <9> not available
(Font)              Font shape `OT1/ptm/b/n' tried instead on input line 162.
LaTeX Font Info:    Font shape `OT1/ptm/bx/n' in size <7> not available
(Font)              Font shape `OT1/ptm/b/n' tried instead on input line 162.
[1

] [2] [3]
LaTeX Font Info:    Font shape `OT1/ptm/bx/n' in size <7.4> not available
(Font)              Font shape `OT1/ptm/b/n' tried instead on input line 313.
LaTeX Font Info:    Font shape `OT1/ptm/bx/n' in size <6> not available
(Font)              Font shape `OT1/ptm/b/n' tried instead on input line 313.
 [4] [5]

LaTeX Warning: Reference `90' on page vi undefined on input line 405.


LaTeX Warning: Citation `Askey89I' on page vi undefined on input line 414.


LaTeX Warning: Citation `AskeyWilson82' on page vi undefined on input line 414.



LaTeX Warning: Citation `AskeyWilson85' on page vi undefined on input line 414.



LaTeX Warning: Citation `AtakRahmanSuslov' on page vi undefined on input line 4
14.


LaTeX Warning: Citation `Ismail2005II' on page vi undefined on input line 415.


LaTeX Warning: Citation `IsmailLetMasVal' on page vi undefined on input line 41
5.


LaTeX Warning: Citation `IsmailLetValWimp90' on page vi undefined on input line
 415.


LaTeX Warning: Citation `IsmailLetValWimp91' on page vi undefined on input line
 416.


LaTeX Warning: Citation `Koorn85' on page vi undefined on input line 416.


LaTeX Warning: Citation `Koorn88' on page vi undefined on input line 416.


LaTeX Warning: Citation `LeskyWaibel' on page vi undefined on input line 416.


LaTeX Warning: Citation `Masson91' on page vi undefined on input line 417.


LaTeX Warning: Citation `Miller87' on page vi undefined on input line 417.


LaTeX Warning: Citation `MimachiII' on page vi undefined on input line 417.


LaTeX Warning: Citation `ValentAssche' on page vi undefined on input line 417.


LaTeX Warning: Citation `Wilson80' on page vi undefined on input line 417.


LaTeX Warning: Citation `Wilson91' on page vi undefined on input line 418.

[6] [7] [8]
Overfull \hbox (81.8275pt too wide) detected at line 555
[][][]\OML/ztmcm/m/it/12 F[] []  [][]F[] [] [] \OT1/ztmcm/m/n/12 = [] []\OML/zt
mcm/m/it/12 R[]\OT1/ztmcm/m/n/12 (\OML/ztmcm/m/it/12 ^^U\OT1/ztmcm/m/n/12 (\OML
/ztmcm/m/it/12 x\OT1/ztmcm/m/n/12 ); \OML/ztmcm/m/it/12 ; ^^L; ^^M; ^^N\OT1/zt
mcm/m/n/12 )\OML/ztmcm/m/it/12 t[];
 []


Overfull \hbox (29.48163pt too wide) in alignment at lines 557--563
 [][][] []
 []


Overfull \hbox (57.63054pt too wide) in alignment at lines 565--571
 [][][] []
 []

[9] [10]

LaTeX Warning: Citation `Askey89I' on page xi undefined on input line 648.


LaTeX Warning: Citation `AskeyWilson79' on page xi undefined on input line 648.



LaTeX Warning: Citation `AskeyWilson85' on page xi undefined on input line 648.



LaTeX Warning: Citation `AtakRahmanSuslov' on page xi undefined on input line 6
49.


LaTeX Warning: Citation `AtakSuslov88' on page xi undefined on input line 649.


LaTeX Warning: Citation `Dunkl84' on page xi undefined on input line 649.


LaTeX Warning: Citation `Koorn88' on page xi undefined on input line 650.


LaTeX Warning: Citation `Lesky93' on page xi undefined on input line 650.


LaTeX Warning: Citation `Lesky95II' on page xi undefined on input line 650.


LaTeX Warning: Citation `LeskyWaibel' on page xi undefined on input line 650.


LaTeX Warning: Citation `Nikiforov+' on page xi undefined on input line 651.


LaTeX Warning: Citation `NikiforovUvarov' on page xi undefined on input line 65
1.


LaTeX Warning: Citation `Perlstadt' on page xi undefined on input line 651.


LaTeX Warning: Citation `Rahman80' on page xi undefined on input line 651.


LaTeX Warning: Citation `Rahman81II' on page xi undefined on input line 652.


LaTeX Warning: Citation `Wilson80' on page xi undefined on input line 652.

[11] [12] [13]

LaTeX Warning: Reference `90' on page xiv undefined on input line 847.


LaTeX Warning: Citation `AskeyWilson85' on page xiv undefined on input line 852
.


LaTeX Warning: Citation `IsmailLetVal89' on page xiv undefined on input line 85
2.


LaTeX Warning: Citation `Koorn85' on page xiv undefined on input line 852.


LaTeX Warning: Citation `Koorn88' on page xiv undefined on input line 852.


LaTeX Warning: Citation `Lesky94II' on page xiv undefined on input line 853.


LaTeX Warning: Citation `Lesky95I' on page xiv undefined on input line 853.


LaTeX Warning: Citation `Lesky95II' on page xiv undefined on input line 853.


LaTeX Warning: Citation `Letessier84' on page xiv undefined on input line 853.


LaTeX Warning: Citation `Letessier86' on page xiv undefined on input line 854.


LaTeX Warning: Citation `MimachiII' on page xiv undefined on input line 854.


LaTeX Warning: Citation `Neuman' on page xiv undefined on input line 854.


LaTeX Warning: Citation `ValentAssche' on page xiv undefined on input line 854.


[14] [15] [16]

LaTeX Warning: Reference `93' on page xvii undefined on input line 1042.


LaTeX Warning: Citation `Askey85' on page xvii undefined on input line 1064.


LaTeX Warning: Citation `Askey89I' on page xvii undefined on input line 1064.


LaTeX Warning: Citation `AtakRahmanSuslov' on page xvii undefined on input line
 1064.


LaTeX Warning: Citation `AtakSuslov85' on page xvii undefined on input line 106
5.


LaTeX Warning: Citation `Badertscher' on page xvii undefined on input line 1065
.


LaTeX Warning: Citation `Gupta91' on page xvii undefined on input line 1065.


LaTeX Warning: Citation `Koelink96II' on page xvii undefined on input line 1065
.


LaTeX Warning: Citation `Koorn88' on page xvii undefined on input line 1066.


LaTeX Warning: Citation `Lesky94II' on page xvii undefined on input line 1066.


LaTeX Warning: Citation `Lesky95II' on page xvii undefined on input line 1066.


LaTeX Warning: Citation `Lesky97' on page xvii undefined on input line 1066.

[17] [18] [19]

LaTeX Warning: Reference `1' on page xx undefined on input line 1240.


LaTeX Warning: Citation `AlSalam90' on page xx undefined on input line 1275.


LaTeX Warning: Citation `AndrewsAskey85' on page xx undefined on input line 127
5.


LaTeX Warning: Citation `Area+II' on page xx undefined on input line 1275.


LaTeX Warning: Citation `Askey75' on page xx undefined on input line 1275.


LaTeX Warning: Citation `Askey89I' on page xx undefined on input line 1276.


LaTeX Warning: Citation `Askey2005' on page xx undefined on input line 1276.


LaTeX Warning: Citation `AskeyGasper77' on page xx undefined on input line 1276
.


LaTeX Warning: Citation `AskeyWilson85' on page xx undefined on input line 1276
.


LaTeX Warning: Citation `AtakRahmanSuslov' on page xx undefined on input line 1
277.


LaTeX Warning: Citation `AtakSuslov88' on page xx undefined on input line 1277.



LaTeX Warning: Citation `Chihara78' on page xx undefined on input line 1277.


LaTeX Warning: Citation `Ciesielski' on page xx undefined on input line 1278.


LaTeX Warning: Citation `Cooper+' on page xx undefined on input line 1278.


LaTeX Warning: Citation `Dette95' on page xx undefined on input line 1278.


LaTeX Warning: Citation `Dunkl76' on page xx undefined on input line 1278.


LaTeX Warning: Citation `Dunkl78I' on page xx undefined on input line 1279.


LaTeX Warning: Citation `Gasper73I' on page xx undefined on input line 1279.


LaTeX Warning: Citation `Gasper74' on page xx undefined on input line 1279.


LaTeX Warning: Citation `HoareRahman' on page xx undefined on input line 1279.


LaTeX Warning: Citation `Ismail77' on page xx undefined on input line 1280.


LaTeX Warning: Citation `Ismail2005II' on page xx undefined on input line 1280.



LaTeX Warning: Citation `Karlin61' on page xx undefined on input line 1280.


LaTeX Warning: Citation `Koorn81' on page xx undefined on input line 1280.


LaTeX Warning: Citation `Koorn88' on page xx undefined on input line 1280.


LaTeX Warning: Citation `LabelleYehI' on page xx undefined on input line 1281.


LaTeX Warning: Citation `LabelleYehII' on page xx undefined on input line 1281.



LaTeX Warning: Citation `Laine' on page xx undefined on input line 1281.


LaTeX Warning: Citation `Lesky62' on page xx undefined on input line 1281.


LaTeX Warning: Citation `Lesky88' on page xx undefined on input line 1282.


LaTeX Warning: Citation `Lesky89' on page xx undefined on input line 1282.


LaTeX Warning: Citation `Lesky94I' on page xx undefined on input line 1282.


LaTeX Warning: Citation `Lesky95II' on page xx undefined on input line 1282.


LaTeX Warning: Citation `LewanowiczII' on page xx undefined on input line 1283.



LaTeX Warning: Citation `Neuman' on page xx undefined on input line 1283.


LaTeX Warning: Citation `Nikiforov+' on page xx undefined on input line 1283.


LaTeX Warning: Citation `NikiforovUvarov' on page xx undefined on input line 12
83.


LaTeX Warning: Citation `Rahman76III' on page xx undefined on input line 1284.


LaTeX Warning: Citation `Rahman78I' on page xx undefined on input line 1284.


LaTeX Warning: Citation `Rahman78II' on page xx undefined on input line 1284.


LaTeX Warning: Citation `Rahman81III' on page xx undefined on input line 1284.


LaTeX Warning: Citation `Sablonniere' on page xx undefined on input line 1285.


LaTeX Warning: Citation `Stanton84' on page xx undefined on input line 1285.


LaTeX Warning: Citation `Stanton90' on page xx undefined on input line 1285.


LaTeX Warning: Citation `Wilson80' on page xx undefined on input line 1285.


LaTeX Warning: Citation `Wilson70II' on page xx undefined on input line 1285.


LaTeX Warning: Citation `Zarzo+' on page xx undefined on input line 1286.

[20] [21] [22] [23] [24]

LaTeX Warning: Citation `Askey2005' on page xxv undefined on input line 1537.


LaTeX Warning: Citation `AskeyWilson85' on page xxv undefined on input line 153
7.


LaTeX Warning: Citation `AtakRahmanSuslov' on page xxv undefined on input line 
1537.


LaTeX Warning: Citation `AtakSuslov88' on page xxv undefined on input line 1537
.


LaTeX Warning: Citation `Ismail2005II' on page xxv undefined on input line 1538
.


LaTeX Warning: Citation `Karlin61' on page xxv undefined on input line 1538.


LaTeX Warning: Citation `Koorn81' on page xxv undefined on input line 1538.


LaTeX Warning: Citation `Koorn88' on page xxv undefined on input line 1538.


LaTeX Warning: Citation `Lesky93' on page xxv undefined on input line 1538.


LaTeX Warning: Citation `Lesky94I' on page xxv undefined on input line 1539.


LaTeX Warning: Citation `Lesky95I' on page xxv undefined on input line 1539.


LaTeX Warning: Citation `Lesky95II' on page xxv undefined on input line 1539.


LaTeX Warning: Citation `Nikiforov+' on page xxv undefined on input line 1539.


LaTeX Warning: Citation `NikiforovUvarov' on page xxv undefined on input line 1
539.


LaTeX Warning: Citation `Rahman81II' on page xxv undefined on input line 1540.


LaTeX Warning: Citation `Stanton84' on page xxv undefined on input line 1540.


LaTeX Warning: Citation `Wilson80' on page xxv undefined on input line 1540.

[25] [26] [27]

LaTeX Warning: Reference `93' on page xxviii undefined on input line 1698.


LaTeX Warning: Citation `AlSalam90' on page xxviii undefined on input line 1702
.


LaTeX Warning: Citation `AlSalamChihara76' on page xxviii undefined on input li
ne 1702.


LaTeX Warning: Citation `AndrewsAskey85' on page xxviii undefined on input line
 1702.


LaTeX Warning: Citation `Araaya2004' on page xxviii undefined on input line 170
2.


LaTeX Warning: Citation `Araaya2005' on page xxviii undefined on input line 170
3.


LaTeX Warning: Citation `Askey89I' on page xxviii undefined on input line 1703.



LaTeX Warning: Citation `AskeyWilson85' on page xxviii undefined on input line 
1703.


LaTeX Warning: Citation `AtakRahmanSuslov' on page xxviii undefined on input li
ne 1703.


LaTeX Warning: Citation `AtakSuslov88' on page xxviii undefined on input line 1
704.


LaTeX Warning: Citation `CharrisIsmail' on page xxviii undefined on input line 
1704.


LaTeX Warning: Citation `ChenIsmail97' on page xxviii undefined on input line 1
704.


LaTeX Warning: Citation `Chihara78' on page xxviii undefined on input line 1704
.


LaTeX Warning: Citation `Ismail85II' on page xxviii undefined on input line 170
5.


LaTeX Warning: Citation `Ismail94' on page xxviii undefined on input line 1705.



LaTeX Warning: Citation `Ismail2005II' on page xxviii undefined on input line 1
705.


LaTeX Warning: Citation `IsmailLi' on page xxviii undefined on input line 1705.



LaTeX Warning: Citation `IsmailStanton97' on page xxviii undefined on input lin
e 1706.


LaTeX Warning: Citation `Koekoek2000' on page xxviii undefined on input line 17
06.


LaTeX Warning: Citation `Koorn88' on page xxviii undefined on input line 1706.


LaTeX Warning: Citation `Koorn89II' on page xxviii undefined on input line 1706
.


LaTeX Warning: Citation `LabelleYehI' on page xxviii undefined on input line 17
07.


LaTeX Warning: Citation `LabelleYehII' on page xxviii undefined on input line 1
707.


LaTeX Warning: Citation `Lesky95II' on page xxviii undefined on input line 1707
.


LaTeX Warning: Citation `LiWong' on page xxviii undefined on input line 1707.


LaTeX Warning: Citation `Meixner' on page xxviii undefined on input line 1707.


LaTeX Warning: Citation `Nikiforov+' on page xxviii undefined on input line 170
8.


LaTeX Warning: Citation `Rahman78I' on page xxviii undefined on input line 1708
.


LaTeX Warning: Citation `Wilson80' on page xxviii undefined on input line 1708.



LaTeX Warning: Citation `Wimp90' on page xxviii undefined on input line 1708.

[28] [29] [30] [31]

LaTeX Warning: Reference `62' on page xxxii undefined on input line 1952.

[32]

LaTeX Warning: Citation `K27' on page xxxiii undefined on input line 2029.


LaTeX Warning: Citation `K26' on page xxxiii undefined on input line 2029.


LaTeX Warning: Reference `176' on page xxxiii undefined on input line 2038.


LaTeX Warning: Citation `K5' on page xxxiii undefined on input line 2052.

[33]

LaTeX Warning: Citation `Abram' on page xxxiv undefined on input line 2075.


LaTeX Warning: Citation `Ahmed+82' on page xxxiv undefined on input line 2075.


LaTeX Warning: Citation `Allaway89' on page xxxiv undefined on input line 2075.



LaTeX Warning: Citation `NAlSalam66' on page xxxiv undefined on input line 2075
.


LaTeX Warning: Citation `AlSalam64' on page xxxiv undefined on input line 2075.



LaTeX Warning: Citation `AlSalamChihara72' on page xxxiv undefined on input lin
e 2076.


LaTeX Warning: Citation `AndrewsAskey85' on page xxxiv undefined on input line 
2076.


LaTeX Warning: Citation `AndrewsAskeyRoy' on page xxxiv undefined on input line
 2076.


LaTeX Warning: Citation `Askey68' on page xxxiv undefined on input line 2076.


LaTeX Warning: Citation `Askey70' on page xxxiv undefined on input line 2077.


LaTeX Warning: Citation `Askey72' on page xxxiv undefined on input line 2077.


LaTeX Warning: Citation `Askey73' on page xxxiv undefined on input line 2077.


LaTeX Warning: Citation `Askey74' on page xxxiv undefined on input line 2077.


LaTeX Warning: Citation `Askey75' on page xxxiv undefined on input line 2077.


LaTeX Warning: Citation `Askey78' on page xxxiv undefined on input line 2077.


LaTeX Warning: Citation `Askey89I' on page xxxiv undefined on input line 2078.


LaTeX Warning: Citation `Askey2005' on page xxxiv undefined on input line 2078.



LaTeX Warning: Citation `AskeyFitch' on page xxxiv undefined on input line 2078
.


LaTeX Warning: Citation `AskeyGasper71I' on page xxxiv undefined on input line 
2078.


LaTeX Warning: Citation `AskeyGasper71II' on page xxxiv undefined on input line
 2078.


LaTeX Warning: Citation `AskeyGasper76' on page xxxiv undefined on input line 2
079.


LaTeX Warning: Citation `AskeyWainger' on page xxxiv undefined on input line 20
79.


LaTeX Warning: Citation `AskeyWilson85' on page xxxiv undefined on input line 2
079.


LaTeX Warning: Citation `Bailey38' on page xxxiv undefined on input line 2079.


LaTeX Warning: Citation `Brafman51' on page xxxiv undefined on input line 2079.



LaTeX Warning: Citation `Brown' on page xxxiv undefined on input line 2080.


LaTeX Warning: Citation `Carlitz61II' on page xxxiv undefined on input line 208
0.


LaTeX Warning: Citation `Carlitz67' on page xxxiv undefined on input line 2080.



LaTeX Warning: Citation `ChenIsmail91' on page xxxiv undefined on input line 20
80.


LaTeX Warning: Citation `Chihara78' on page xxxiv undefined on input line 2080.



LaTeX Warning: Citation `Chow+' on page xxxiv undefined on input line 2081.


LaTeX Warning: Citation `Ciesielski' on page xxxiv undefined on input line 2081
.


LaTeX Warning: Citation `Cooper+' on page xxxiv undefined on input line 2081.


LaTeX Warning: Citation `DetteStudden92' on page xxxiv undefined on input line 
2081.


LaTeX Warning: Citation `DetteStudden95' on page xxxiv undefined on input line 
2081.


LaTeX Warning: Citation `DijksmaKoorn' on page xxxiv undefined on input line 20
82.


LaTeX Warning: Citation `DimitrovRafaeli' on page xxxiv undefined on input line
 2082.


LaTeX Warning: Citation `DimitrovRodrigues' on page xxxiv undefined on input li
ne 2082.


LaTeX Warning: Citation `Doha2002I' on page xxxiv undefined on input line 2082.



LaTeX Warning: Citation `Doha2003I' on page xxxiv undefined on input line 2083.



LaTeX Warning: Citation `Doha2004II' on page xxxiv undefined on input line 2083
.


LaTeX Warning: Citation `Dunkl84' on page xxxiv undefined on input line 2083.


LaTeX Warning: Citation `ElbertLaforgia87II' on page xxxiv undefined on input l
ine 2083.


LaTeX Warning: Citation `ElbertLaforgiaRodono' on page xxxiv undefined on input
 line 2084.


LaTeX Warning: Citation `Erdelyi+' on page xxxiv undefined on input line 2084.


LaTeX Warning: Citation `Faldey' on page xxxiv undefined on input line 2084.


LaTeX Warning: Citation `FoataLeroux' on page xxxiv undefined on input line 208
4.


LaTeX Warning: Citation `Gasper69' on page xxxiv undefined on input line 2085.


LaTeX Warning: Citation `Gasper70I' on page xxxiv undefined on input line 2085.



LaTeX Warning: Citation `Gasper70II' on page xxxiv undefined on input line 2085
.


LaTeX Warning: Citation `Gasper71I' on page xxxiv undefined on input line 2085.



LaTeX Warning: Citation `Gasper71II' on page xxxiv undefined on input line 2085
.


LaTeX Warning: Citation `Gasper72I' on page xxxiv undefined on input line 2086.



LaTeX Warning: Citation `Gasper72II' on page xxxiv undefined on input line 2086
.


LaTeX Warning: Citation `Gasper73I' on page xxxiv undefined on input line 2086.



LaTeX Warning: Citation `Gasper73II' on page xxxiv undefined on input line 2086
.


LaTeX Warning: Citation `Gasper74' on page xxxiv undefined on input line 2086.


LaTeX Warning: Citation `Gasper77' on page xxxiv undefined on input line 2087.


LaTeX Warning: Citation `Gatteschi87' on page xxxiv undefined on input line 208
7.


LaTeX Warning: Citation `Gautschi2008' on page xxxiv undefined on input line 20
87.


LaTeX Warning: Citation `Gautschi2009I' on page xxxiv undefined on input line 2
087.


LaTeX Warning: Citation `Gautschi2009II' on page xxxiv undefined on input line 
2088.


LaTeX Warning: Citation `GautschiLeopardi' on page xxxiv undefined on input lin
e 2088.


LaTeX Warning: Citation `GawronskiShawyer' on page xxxiv undefined on input lin
e 2088.


LaTeX Warning: Citation `Godoy+' on page xxxiv undefined on input line 2088.


LaTeX Warning: Citation `Grad' on page xxxiv undefined on input line 2089.


LaTeX Warning: Citation `Hajmirzaahmad94' on page xxxiv undefined on input line
 2089.


LaTeX Warning: Citation `HartmannStephan' on page xxxiv undefined on input line
 2089.


LaTeX Warning: Citation `Horton' on page xxxiv undefined on input line 2089.


LaTeX Warning: Citation `Ismail74' on page xxxiv undefined on input line 2089.


LaTeX Warning: Citation `Ismail77' on page xxxiv undefined on input line 2090.


LaTeX Warning: Citation `Ismail96' on page xxxiv undefined on input line 2090.


LaTeX Warning: Citation `Ismail2005II' on page xxxiv undefined on input line 20
90.


LaTeX Warning: Citation `IsmailLi' on page xxxiv undefined on input line 2090.


LaTeX Warning: Citation `IsmailMassonRahman' on page xxxiv undefined on input l
ine 2091.


LaTeX Warning: Citation `Kochneff97I' on page xxxiv undefined on input line 209
1.


LaTeX Warning: Citation `Koekoek99' on page xxxiv undefined on input line 2091.



LaTeX Warning: Citation `Koekoek2000' on page xxxiv undefined on input line 209
1.


LaTeX Warning: Citation `Koelink96II' on page xxxiv undefined on input line 209
2.


LaTeX Warning: Citation `Koorn73' on page xxxiv undefined on input line 2092.


LaTeX Warning: Citation `Koorn74' on page xxxiv undefined on input line 2092.


LaTeX Warning: Citation `Koorn75' on page xxxiv undefined on input line 2092.


LaTeX Warning: Citation `Koorn77II' on page xxxiv undefined on input line 2092.



LaTeX Warning: Citation `Koorn78' on page xxxiv undefined on input line 2093.


LaTeX Warning: Citation `Koorn72' on page xxxiv undefined on input line 2093.


LaTeX Warning: Citation `Koorn85' on page xxxiv undefined on input line 2093.


LaTeX Warning: Citation `Koorn88' on page xxxiv undefined on input line 2093.


LaTeX Warning: Citation `KuijlaarsMartinez' on page xxxiv undefined on input li
ne 2093.


LaTeX Warning: Citation `Kuijlaars+' on page xxxiv undefined on input line 2094
.


LaTeX Warning: Citation `LabelleYehI' on page xxxiv undefined on input line 209
4.


LaTeX Warning: Citation `LabelleYehII' on page xxxiv undefined on input line 20
94.


LaTeX Warning: Citation `Laine' on page xxxiv undefined on input line 2094.


LaTeX Warning: Citation `Lesky95II' on page xxxiv undefined on input line 2094.



LaTeX Warning: Citation `Lesky96' on page xxxiv undefined on input line 2095.


LaTeX Warning: Citation `Li96' on page xxxiv undefined on input line 2095.


LaTeX Warning: Citation `Li97' on page xxxiv undefined on input line 2095.


LaTeX Warning: Citation `LopezTemme2004' on page xxxiv undefined on input line 
2095.


LaTeX Warning: Citation `Luke' on page xxxiv undefined on input line 2095.


LaTeX Warning: Citation `Martinez' on page xxxiv undefined on input line 2095.


LaTeX Warning: Citation `Mathai' on page xxxiv undefined on input line 2096.


LaTeX Warning: Citation `Meijer' on page xxxiv undefined on input line 2096.


LaTeX Warning: Citation `Miller89' on page xxxiv undefined on input line 2096.


LaTeX Warning: Citation `MoakSaffVarga' on page xxxiv undefined on input line 2
096.


LaTeX Warning: Citation `Nikiforov+' on page xxxiv undefined on input line 2096
.


LaTeX Warning: Citation `NikiforovUvarov' on page xxxiv undefined on input line
 2097.


LaTeX Warning: Citation `Olver' on page xxxiv undefined on input line 2097.


LaTeX Warning: Citation `Prasad' on page xxxiv undefined on input line 2097.


LaTeX Warning: Citation `Rahman76I' on page xxxiv undefined on input line 2097.



LaTeX Warning: Citation `Rahman76II' on page xxxiv undefined on input line 2097
.


LaTeX Warning: Citation `Rahman77' on page xxxiv undefined on input line 2098.


LaTeX Warning: Citation `Rahman81I' on page xxxiv undefined on input line 2098.



LaTeX Warning: Citation `RahmanShah' on page xxxiv undefined on input line 2098
.


LaTeX Warning: Citation `Rainville' on page xxxiv undefined on input line 2098.



LaTeX Warning: Citation `Rusev' on page xxxiv undefined on input line 2098.


LaTeX Warning: Citation `Shi' on page xxxiv undefined on input line 2099.


LaTeX Warning: Citation `Srivastava69II' on page xxxiv undefined on input line 
2099.


LaTeX Warning: Citation `Srivastava71' on page xxxiv undefined on input line 20
99.


LaTeX Warning: Citation `Srivastava82' on page xxxiv undefined on input line 20
99.


LaTeX Warning: Citation `SrivastavaSinghal' on page xxxiv undefined on input li
ne 2100.


LaTeX Warning: Citation `Stanton80I' on page xxxiv undefined on input line 2100
.


LaTeX Warning: Citation `Stanton90' on page xxxiv undefined on input line 2100.



LaTeX Warning: Citation `Szego75' on page xxxiv undefined on input line 2100.


LaTeX Warning: Citation `Temme' on page xxxiv undefined on input line 2100.


LaTeX Warning: Citation `Vertesi' on page xxxiv undefined on input line 2101.


LaTeX Warning: Citation `Wimp87' on page xxxiv undefined on input line 2101.


LaTeX Warning: Citation `WongZhang94' on page xxxiv undefined on input line 210
1.


LaTeX Warning: Citation `WongZhang2006' on page xxxiv undefined on input line 2
101.


LaTeX Warning: Citation `Zarzo+' on page xxxiv undefined on input line 2101.


LaTeX Warning: Citation `Zayed' on page xxxiv undefined on input line 2102.

[34] [35] [36]

LaTeX Warning: Reference `63' on page xxxvii undefined on input line 2305.

[37]

LaTeX Warning: Citation `K4' on page xxxviii undefined on input line 2381.


LaTeX Warning: Citation `K3' on page xxxviii undefined on input line 2382.


LaTeX Warning: Citation `K2' on page xxxviii undefined on input line 2389.


LaTeX Warning: Citation `Abram' on page xxxviii undefined on input line 2408.


LaTeX Warning: Citation `Ahmed+86' on page xxxviii undefined on input line 2408
.


LaTeX Warning: Citation `AndrewsAskeyRoy' on page xxxviii undefined on input li
ne 2408.


LaTeX Warning: Citation `Area+I' on page xxxviii undefined on input line 2408.


LaTeX Warning: Citation `Askey67' on page xxxviii undefined on input line 2408.



LaTeX Warning: Citation `Askey74' on page xxxviii undefined on input line 2408.



LaTeX Warning: Citation `Askey75' on page xxxviii undefined on input line 2408.



LaTeX Warning: Citation `Askey89I' on page xxxviii undefined on input line 2409
.


LaTeX Warning: Citation `AskeyFitch' on page xxxviii undefined on input line 24
09.


LaTeX Warning: Citation `AskeyKoornRahman' on page xxxviii undefined on input l
ine 2409.


LaTeX Warning: Citation `Berg' on page xxxviii undefined on input line 2409.


LaTeX Warning: Citation `BilodeauI' on page xxxviii undefined on input line 240
9.


LaTeX Warning: Citation `BojanovNikolov' on page xxxviii undefined on input lin
e 2410.


LaTeX Warning: Citation `Brafman51' on page xxxviii undefined on input line 241
0.


LaTeX Warning: Citation `Brafman57I' on page xxxviii undefined on input line 24
10.


LaTeX Warning: Citation `Brown' on page xxxviii undefined on input line 2410.


LaTeX Warning: Citation `BustozIsmail82' on page xxxviii undefined on input lin
e 2411.


LaTeX Warning: Citation `BustozIsmail83' on page xxxviii undefined on input lin
e 2411.


LaTeX Warning: Citation `BustozIsmail89' on page xxxviii undefined on input lin
e 2411.


LaTeX Warning: Citation `BustozSavage79' on page xxxviii undefined on input lin
e 2411.


LaTeX Warning: Citation `BustozSavage80' on page xxxviii undefined on input lin
e 2412.


LaTeX Warning: Citation `Carlitz61II' on page xxxviii undefined on input line 2
412.


LaTeX Warning: Citation `Chihara78' on page xxxviii undefined on input line 241
2.


LaTeX Warning: Citation `Common' on page xxxviii undefined on input line 2412.


LaTeX Warning: Citation `Danese' on page xxxviii undefined on input line 2412.


LaTeX Warning: Citation `Dette94' on page xxxviii undefined on input line 2413.



LaTeX Warning: Citation `DijksmaKoorn' on page xxxviii undefined on input line 
2413.


LaTeX Warning: Citation `DilcherStolarsky' on page xxxviii undefined on input l
ine 2413.


LaTeX Warning: Citation `Dimitrov96' on page xxxviii undefined on input line 24
13.


LaTeX Warning: Citation `Dimitrov2003' on page xxxviii undefined on input line 
2414.


LaTeX Warning: Citation `Doha2002II' on page xxxviii undefined on input line 24
14.


LaTeX Warning: Citation `Driver' on page xxxviii undefined on input line 2414.


LaTeX Warning: Citation `ElbertLaforgia86I' on page xxxviii undefined on input 
line 2414.


LaTeX Warning: Citation `ElbertLaforgia86II' on page xxxviii undefined on input
 line 2415.


LaTeX Warning: Citation `ElbertLaforgia90' on page xxxviii undefined on input l
ine 2415.


LaTeX Warning: Citation `Erdelyi+' on page xxxviii undefined on input line 2415
.


LaTeX Warning: Citation `Exton96' on page xxxviii undefined on input line 2415.



LaTeX Warning: Citation `Gasper69' on page xxxviii undefined on input line 2416
.


LaTeX Warning: Citation `Gasper72II' on page xxxviii undefined on input line 24
16.


LaTeX Warning: Citation `Gasper85' on page xxxviii undefined on input line 2416
.


LaTeX Warning: Citation `Grad' on page xxxviii undefined on input line 2416.


LaTeX Warning: Citation `Ismail74' on page xxxviii undefined on input line 2416
.


LaTeX Warning: Citation `Ismail2005II' on page xxxviii undefined on input line 
2417.


LaTeX Warning: Citation `Koekoek2000' on page xxxviii undefined on input line 2
417.


LaTeX Warning: Citation `Koorn88' on page xxxviii undefined on input line 2417.



LaTeX Warning: Citation `Laforgia' on page xxxviii undefined on input line 2417
.


LaTeX Warning: Citation `LewanowiczI' on page xxxviii undefined on input line 2
417.


LaTeX Warning: Citation `Lorch' on page xxxviii undefined on input line 2418.


LaTeX Warning: Citation `Mathai' on page xxxviii undefined on input line 2418.


LaTeX Warning: Citation `Nagel' on page xxxviii undefined on input line 2418.


LaTeX Warning: Citation `Nikiforov+' on page xxxviii undefined on input line 24
18.


LaTeX Warning: Citation `NikiforovUvarov' on page xxxviii undefined on input li
ne 2418.


LaTeX Warning: Citation `RahmanShah' on page xxxviii undefined on input line 24
19.


LaTeX Warning: Citation `Rainville' on page xxxviii undefined on input line 241
9.


LaTeX Warning: Citation `Reimer' on page xxxviii undefined on input line 2419.


LaTeX Warning: Citation `Sartoretto' on page xxxviii undefined on input line 24
19.


LaTeX Warning: Citation `Srivastava71' on page xxxviii undefined on input line 
2419.


LaTeX Warning: Citation `Szego75' on page xxxviii undefined on input line 2420.



LaTeX Warning: Citation `Temme' on page xxxviii undefined on input line 2420.


LaTeX Warning: Citation `Viswanathan' on page xxxviii undefined on input line 2
420.


LaTeX Warning: Citation `Zayed' on page xxxviii undefined on input line 2420.

[38] [39] [40]

LaTeX Warning: Citation `K20' on page xli undefined on input line 2630.


LaTeX Warning: Citation `K21' on page xli undefined on input line 2637.


LaTeX Warning: Citation `K22' on page xli undefined on input line 2638.


LaTeX Warning: Citation `Abram' on page xli undefined on input line 2645.


LaTeX Warning: Citation `AskeyFitch' on page xli undefined on input line 2645.


LaTeX Warning: Citation `AskeyGasperHarris' on page xli undefined on input line
 2645.


LaTeX Warning: Citation `AskeyIsmail76' on page xli undefined on input line 264
5.


LaTeX Warning: Citation `Bavinck95' on page xli undefined on input line 2646.


LaTeX Warning: Citation `Chihara78' on page xli undefined on input line 2646.


LaTeX Warning: Citation `Danese' on page xli undefined on input line 2646.


LaTeX Warning: Citation `DilcherStolarsky' on page xli undefined on input line 
2646.


LaTeX Warning: Citation `Erdelyi+' on page xli undefined on input line 2647.


LaTeX Warning: Citation `Grad' on page xli undefined on input line 2647.


LaTeX Warning: Citation `HartmannStephan' on page xli undefined on input line 2
647.


LaTeX Warning: Citation `Ismail2005II' on page xli undefined on input line 2647
.


LaTeX Warning: Citation `Koekoek2000' on page xli undefined on input line 2647.



LaTeX Warning: Citation `Luke' on page xli undefined on input line 2648.


LaTeX Warning: Citation `Mathai' on page xli undefined on input line 2648.


LaTeX Warning: Citation `Nikiforov+' on page xli undefined on input line 2648.


LaTeX Warning: Citation `NikiforovUvarov' on page xli undefined on input line 2
648.


LaTeX Warning: Citation `Rainville' on page xli undefined on input line 2648.


LaTeX Warning: Citation `Rayes+' on page xli undefined on input line 2649.


LaTeX Warning: Citation `Rivlin' on page xli undefined on input line 2649.


LaTeX Warning: Citation `SainteViennot' on page xli undefined on input line 264
9.


LaTeX Warning: Citation `Szego75' on page xli undefined on input line 2649.


LaTeX Warning: Citation `Temme' on page xli undefined on input line 2649.


LaTeX Warning: Citation `Wilson70I' on page xli undefined on input line 2650.


LaTeX Warning: Citation `Zayed' on page xli undefined on input line 2650.


LaTeX Warning: Citation `Zhang' on page xli undefined on input line 2650.


LaTeX Warning: Citation `ZhangWang' on page xli undefined on input line 2650.

[41] [42]

LaTeX Warning: Citation `Abram' on page xliii undefined on input line 2730.


LaTeX Warning: Citation `Alladi' on page xliii undefined on input line 2730.


LaTeX Warning: Citation `AlSalam90' on page xliii undefined on input line 2730.



LaTeX Warning: Citation `Bhonsle' on page xliii undefined on input line 2730.


LaTeX Warning: Citation `Brafman51' on page xliii undefined on input line 2730.



LaTeX Warning: Citation `Carlitz57II' on page xliii undefined on input line 273
1.


LaTeX Warning: Citation `Chihara78' on page xliii undefined on input line 2731.



LaTeX Warning: Citation `Danese' on page xliii undefined on input line 2731.


LaTeX Warning: Citation `Dattoli2001' on page xliii undefined on input line 273
1.


LaTeX Warning: Citation `DilcherStolarsky' on page xliii undefined on input lin
e 2732.


LaTeX Warning: Citation `ElbertLaforgia94' on page xliii undefined on input lin
e 2732.


LaTeX Warning: Citation `Erdelyi+' on page xliii undefined on input line 2732.


LaTeX Warning: Citation `Grad' on page xliii undefined on input line 2732.


LaTeX Warning: Citation `Mathai' on page xliii undefined on input line 2733.


LaTeX Warning: Citation `Nikiforov+' on page xliii undefined on input line 2733
.


LaTeX Warning: Citation `NikiforovUvarov' on page xliii undefined on input line
 2733.


LaTeX Warning: Citation `Olver' on page xliii undefined on input line 2733.


LaTeX Warning: Citation `Rainville' on page xliii undefined on input line 2733.



LaTeX Warning: Citation `Szego75' on page xliii undefined on input line 2734.


LaTeX Warning: Citation `Temme' on page xliii undefined on input line 2734.


LaTeX Warning: Citation `Zayed' on page xliii undefined on input line 2734.

[43] [44]

LaTeX Warning: Citation `Askey87' on page xlv undefined on input line 2850.


LaTeX Warning: Citation `BorodinOlshanski' on page xlv undefined on input line 
2850.


LaTeX Warning: Citation `Lesky96' on page xlv undefined on input line 2850.

[45] [46]
LaTeX Font Info:    Try loading font information for OMS+ptm on input line 2993
.
 (/local/texlive/2015/texmf-dist/tex/latex/psnfss/omsptm.fd
File: omsptm.fd 
)
LaTeX Font Info:    Font shape `OMS/ptm/m/n' in size <12> not available
(Font)              Font shape `OMS/cmsy/m/n' tried instead on input line 2993.

 [47]

LaTeX Warning: Citation `K13' on page xlviii undefined on input line 2997.


LaTeX Warning: Reference `118' on page xlviii undefined on input line 3002.


LaTeX Warning: Citation `K11' on page xlviii undefined on input line 3006.


LaTeX Warning: Citation `K10' on page xlviii undefined on input line 3006.


LaTeX Warning: Citation `K12' on page xlviii undefined on input line 3006.


LaTeX Warning: Citation `Allaway76' on page xlviii undefined on input line 3010
.


LaTeX Warning: Citation `NAlSalam66' on page xlviii undefined on input line 301
0.


LaTeX Warning: Citation `AlSalam90' on page xlviii undefined on input line 3010
.


LaTeX Warning: Citation `AlSalamChihara76' on page xlviii undefined on input li
ne 3010.


LaTeX Warning: Citation `AlSalamIsmail76' on page xlviii undefined on input lin
e 3011.


LaTeX Warning: Citation `Alvarez+' on page xlviii undefined on input line 3011.



LaTeX Warning: Citation `AndrewsAskey85' on page xlviii undefined on input line
 3011.


LaTeX Warning: Citation `Area+II' on page xlviii undefined on input line 3011.


LaTeX Warning: Citation `Askey75' on page xlviii undefined on input line 3011.


LaTeX Warning: Citation `Askey89I' on page xlviii undefined on input line 3012.



LaTeX Warning: Citation `Askey2005' on page xlviii undefined on input line 3012
.


LaTeX Warning: Citation `AskeyGasper77' on page xlviii undefined on input line 
3012.


LaTeX Warning: Citation `AskeyIsmail76' on page xlviii undefined on input line 
3012.


LaTeX Warning: Citation `AskeyWilson85' on page xlviii undefined on input line 
3013.


LaTeX Warning: Citation `AtakRahmanSuslov' on page xlviii undefined on input li
ne 3013.


LaTeX Warning: Citation `AtakSuslov88' on page xlviii undefined on input line 3
013.


LaTeX Warning: Citation `Bavinck98' on page xlviii undefined on input line 3013
.


LaTeX Warning: Citation `BavinckHaeringen' on page xlviii undefined on input li
ne 3014.


LaTeX Warning: Citation `Campigotto+' on page xlviii undefined on input line 30
14.


LaTeX Warning: Citation `Chihara78' on page xlviii undefined on input line 3014
.


LaTeX Warning: Citation `Cooper+' on page xlviii undefined on input line 3014.


LaTeX Warning: Citation `Erdelyi+' on page xlviii undefined on input line 3015.



LaTeX Warning: Citation `FoataLabelle' on page xlviii undefined on input line 3
015.


LaTeX Warning: Citation `Gabutti' on page xlviii undefined on input line 3015.


LaTeX Warning: Citation `GabuttiMathis' on page xlviii undefined on input line 
3015.


LaTeX Warning: Citation `Gasper73I' on page xlviii undefined on input line 3015
.


LaTeX Warning: Citation `Gasper74' on page xlviii undefined on input line 3016.



LaTeX Warning: Citation `HoareRahman' on page xlviii undefined on input line 30
16.


LaTeX Warning: Citation `Ismail2005II' on page xlviii undefined on input line 3
016.


LaTeX Warning: Citation `IsmailLetVal88' on page xlviii undefined on input line
 3016.


LaTeX Warning: Citation `IsmailLi' on page xlviii undefined on input line 3017.



LaTeX Warning: Citation `IsmailMuldoon' on page xlviii undefined on input line 
3017.


LaTeX Warning: Citation `IsmailStanton97' on page xlviii undefined on input lin
e 3017.


LaTeX Warning: Citation `JinWong' on page xlviii undefined on input line 3017.


LaTeX Warning: Citation `Karlin58' on page xlviii undefined on input line 3018.



LaTeX Warning: Citation `Koekoek2000' on page xlviii undefined on input line 30
18.


LaTeX Warning: Citation `Koorn88' on page xlviii undefined on input line 3018.


LaTeX Warning: Citation `LabelleYehI' on page xlviii undefined on input line 30
18.


LaTeX Warning: Citation `LabelleYehII' on page xlviii undefined on input line 3
018.


LaTeX Warning: Citation `Lesky89' on page xlviii undefined on input line 3019.


LaTeX Warning: Citation `Lesky94I' on page xlviii undefined on input line 3019.



LaTeX Warning: Citation `Lesky95II' on page xlviii undefined on input line 3019
.


LaTeX Warning: Citation `LewanowiczII' on page xlviii undefined on input line 3
019.


LaTeX Warning: Citation `Meixner' on page xlviii undefined on input line 3019.


LaTeX Warning: Citation `Nikiforov+' on page xlviii undefined on input line 302
0.


LaTeX Warning: Citation `NikiforovUvarov' on page xlviii undefined on input lin
e 3020.


LaTeX Warning: Citation `Rahman78I' on page xlviii undefined on input line 3020
.


LaTeX Warning: Citation `ValentAssche' on page xlviii undefined on input line 3
020.


LaTeX Warning: Citation `Viennot' on page xlviii undefined on input line 3021.


LaTeX Warning: Citation `Zarzo+' on page xlviii undefined on input line 3021.


LaTeX Warning: Citation `Zeng90' on page xlviii undefined on input line 3021.

[48] [49] [50]

LaTeX Warning: Citation `K1' on page li undefined on input line 3180.


LaTeX Warning: Reference `93' on page li undefined on input line 3186.


LaTeX Warning: Citation `AlSalam90' on page li undefined on input line 3190.


LaTeX Warning: Citation `AndrewsAskey85' on page li undefined on input line 319
0.


LaTeX Warning: Citation `Area+II' on page li undefined on input line 3190.


LaTeX Warning: Citation `Askey75' on page li undefined on input line 3190.


LaTeX Warning: Citation `Askey89I' on page li undefined on input line 3190.


LaTeX Warning: Citation `AskeyGasper77' on page li undefined on input line 3191
.


LaTeX Warning: Citation `AskeyWilson85' on page li undefined on input line 3191
.


LaTeX Warning: Citation `AtakRahmanSuslov' on page li undefined on input line 3
191.


LaTeX Warning: Citation `Campigotto+' on page li undefined on input line 3191.


LaTeX Warning: Citation `LChiharaStanton' on page li undefined on input line 31
92.


LaTeX Warning: Citation `Chihara78' on page li undefined on input line 3192.


LaTeX Warning: Citation `Dette95' on page li undefined on input line 3192.


LaTeX Warning: Citation `Dominici' on page li undefined on input line 3192.


LaTeX Warning: Citation `Dunkl76' on page li undefined on input line 3192.


LaTeX Warning: Citation `Dunkl84' on page li undefined on input line 3193.


LaTeX Warning: Citation `DunklRamirez' on page li undefined on input line 3193.



LaTeX Warning: Citation `Erdelyi+' on page li undefined on input line 3193.


LaTeX Warning: Citation `FeinsilverSchott' on page li undefined on input line 3
193.


LaTeX Warning: Citation `Gasper73I' on page li undefined on input line 3194.


LaTeX Warning: Citation `Gasper74' on page li undefined on input line 3194.


LaTeX Warning: Citation `HoareRahman' on page li undefined on input line 3194.


LaTeX Warning: Citation `Ismail2005II' on page li undefined on input line 3194.



LaTeX Warning: Citation `Karlin58' on page li undefined on input line 3194.


LaTeX Warning: Citation `Koorn82' on page li undefined on input line 3195.


LaTeX Warning: Citation `Koorn88' on page li undefined on input line 3195.


LaTeX Warning: Citation `LabelleYehI' on page li undefined on input line 3195.


LaTeX Warning: Citation `LabelleYehII' on page li undefined on input line 3195.



LaTeX Warning: Citation `Lesky62' on page li undefined on input line 3195.


LaTeX Warning: Citation `Lesky89' on page li undefined on input line 3196.


LaTeX Warning: Citation `Lesky94I' on page li undefined on input line 3196.


LaTeX Warning: Citation `Lesky95II' on page li undefined on input line 3196.


LaTeX Warning: Citation `LewanowiczII' on page li undefined on input line 3196.



LaTeX Warning: Citation `Nikiforov+' on page li undefined on input line 3196.


LaTeX Warning: Citation `NikiforovUvarov' on page li undefined on input line 31
97.


LaTeX Warning: Citation `Qiu' on page li undefined on input line 3197.


LaTeX Warning: Citation `Rahman78I' on page li undefined on input line 3197.


LaTeX Warning: Citation `Rahman79' on page li undefined on input line 3197.


LaTeX Warning: Citation `Stanton84' on page li undefined on input line 3197.


LaTeX Warning: Citation `Stanton90' on page li undefined on input line 3198.


LaTeX Warning: Citation `Szego75' on page li undefined on input line 3198.


LaTeX Warning: Citation `Zarzo+' on page li undefined on input line 3198.


LaTeX Warning: Citation `Zeng90' on page li undefined on input line 3198.

[51] [52] [53] [54]

LaTeX Warning: Citation `K8' on page lv undefined on input line 3422.


LaTeX Warning: Citation `K9' on page lv undefined on input line 3423.


LaTeX Warning: Citation `Abdul' on page lv undefined on input line 3427.


LaTeX Warning: Citation `Abram' on page lv undefined on input line 3427.


LaTeX Warning: Citation `Ahmed+82' on page lv undefined on input line 3427.


LaTeX Warning: Citation `Allaway76' on page lv undefined on input line 3427.


LaTeX Warning: Citation `Allaway91' on page lv undefined on input line 3427.


LaTeX Warning: Citation `NAlSalam66' on page lv undefined on input line 3428.


LaTeX Warning: Citation `AlSalam64' on page lv undefined on input line 3428.


LaTeX Warning: Citation `AlSalam90' on page lv undefined on input line 3428.


LaTeX Warning: Citation `AlSalamChihara72' on page lv undefined on input line 3
428.


LaTeX Warning: Citation `AlSalamChihara76' on page lv undefined on input line 3
429.


LaTeX Warning: Citation `AndrewsAskey85' on page lv undefined on input line 342
9.


LaTeX Warning: Citation `AndrewsAskeyRoy' on page lv undefined on input line 34
29.


LaTeX Warning: Citation `Askey68' on page lv undefined on input line 3429.


LaTeX Warning: Citation `Askey75' on page lv undefined on input line 3430.


LaTeX Warning: Citation `Askey89I' on page lv undefined on input line 3430.


LaTeX Warning: Citation `Askey2005' on page lv undefined on input line 3430.


LaTeX Warning: Citation `AskeyGasper76' on page lv undefined on input line 3430
.


LaTeX Warning: Citation `AskeyGasper77' on page lv undefined on input line 3430
.


LaTeX Warning: Citation `AskeyIsmail76' on page lv undefined on input line 3431
.


LaTeX Warning: Citation `AskeyIsmailKoorn' on page lv undefined on input line 3
431.


LaTeX Warning: Citation `AskeyWilson85' on page lv undefined on input line 3431
.


LaTeX Warning: Citation `Barrett' on page lv undefined on input line 3431.


LaTeX Warning: Citation `Bavinck96' on page lv undefined on input line 3432.


LaTeX Warning: Citation `Brafman51' on page lv undefined on input line 3432.


LaTeX Warning: Citation `Brafman57II' on page lv undefined on input line 3432.


LaTeX Warning: Citation `Brenke' on page lv undefined on input line 3432.


LaTeX Warning: Citation `Brown' on page lv undefined on input line 3432.


LaTeX Warning: Citation `BustozSavage79' on page lv undefined on input line 343
3.


LaTeX Warning: Citation `BustozSavage80' on page lv undefined on input line 343
3.


LaTeX Warning: Citation `Carlitz60' on page lv undefined on input line 3433.


LaTeX Warning: Citation `Carlitz61I' on page lv undefined on input line 3433.


LaTeX Warning: Citation `Carlitz61II' on page lv undefined on input line 3434.


LaTeX Warning: Citation `Carlitz62' on page lv undefined on input line 3434.


LaTeX Warning: Citation `Carlitz68' on page lv undefined on input line 3434.


LaTeX Warning: Citation `ChenSrivastava' on page lv undefined on input line 343
4.


LaTeX Warning: Citation `ChenIsmail91' on page lv undefined on input line 3435.



LaTeX Warning: Citation `Chihara68II' on page lv undefined on input line 3435.


LaTeX Warning: Citation `Chihara78' on page lv undefined on input line 3435.


LaTeX Warning: Citation `Cohen' on page lv undefined on input line 3435.


LaTeX Warning: Citation `Cooper+' on page lv undefined on input line 3435.


LaTeX Warning: Citation `Dattoli2001' on page lv undefined on input line 3436.


LaTeX Warning: Citation `DetteStudden92' on page lv undefined on input line 343
6.


LaTeX Warning: Citation `DetteStudden95' on page lv undefined on input line 343
6.


LaTeX Warning: Citation `Dimitrov2003' on page lv undefined on input line 3436.



LaTeX Warning: Citation `Doha2003II' on page lv undefined on input line 3437.


LaTeX Warning: Citation `ElbertLaforgia87I' on page lv undefined on input line 
3437.


LaTeX Warning: Citation `Erdelyi' on page lv undefined on input line 3437.


LaTeX Warning: Citation `Erdelyi+' on page lv undefined on input line 3437.


LaTeX Warning: Citation `Exton98' on page lv undefined on input line 3437.


LaTeX Warning: Citation `Faldey' on page lv undefined on input line 3438.


LaTeX Warning: Citation `Gasper73II' on page lv undefined on input line 3438.


LaTeX Warning: Citation `Gasper77' on page lv undefined on input line 3438.


LaTeX Warning: Citation `Gatteschi2002' on page lv undefined on input line 3438
.


LaTeX Warning: Citation `Gawronski87' on page lv undefined on input line 3438.


LaTeX Warning: Citation `Gawronski93' on page lv undefined on input line 3439.


LaTeX Warning: Citation `Gillis' on page lv undefined on input line 3439.


LaTeX Warning: Citation `GillisIsmailOffer' on page lv undefined on input line 
3439.


LaTeX Warning: Citation `Godoy+' on page lv undefined on input line 3439.


LaTeX Warning: Citation `Grad' on page lv undefined on input line 3439.


LaTeX Warning: Citation `Hajmirzaahmad95' on page lv undefined on input line 34
40.


LaTeX Warning: Citation `Ismail74' on page lv undefined on input line 3440.


LaTeX Warning: Citation `Ismail77' on page lv undefined on input line 3440.


LaTeX Warning: Citation `Ismail2005II' on page lv undefined on input line 3440.



LaTeX Warning: Citation `IsmailLetVal88' on page lv undefined on input line 344
1.


LaTeX Warning: Citation `IsmailLi' on page lv undefined on input line 3441.


LaTeX Warning: Citation `IsmailMassonRahman' on page lv undefined on input line
 3441.


LaTeX Warning: Citation `IsmailMuldoon' on page lv undefined on input line 3441
.


LaTeX Warning: Citation `IsmailStanton97' on page lv undefined on input line 34
42.


LaTeX Warning: Citation `IsmailTamhankar' on page lv undefined on input line 34
42.


LaTeX Warning: Citation `Jackson' on page lv undefined on input line 3442.


LaTeX Warning: Citation `Karlin58' on page lv undefined on input line 3442.


LaTeX Warning: Citation `Kochneff95' on page lv undefined on input line 3443.


LaTeX Warning: Citation `Kochneff97II' on page lv undefined on input line 3443.



LaTeX Warning: Citation `Koekoek2000' on page lv undefined on input line 3443.


LaTeX Warning: Citation `Koorn77I' on page lv undefined on input line 3443.


LaTeX Warning: Citation `Koorn78' on page lv undefined on input line 3443.


LaTeX Warning: Citation `Koorn85' on page lv undefined on input line 3444.


LaTeX Warning: Citation `Koorn88' on page lv undefined on input line 3444.


LaTeX Warning: Citation `Krasikov2003' on page lv undefined on input line 3444.



LaTeX Warning: Citation `Krasikov2005' on page lv undefined on input line 3444.



LaTeX Warning: Citation `KuijlaarsMcLaughlin' on page lv undefined on input lin
e 3445.


LaTeX Warning: Citation `KwonLittle' on page lv undefined on input line 3445.


LaTeX Warning: Citation `LabelleYehI' on page lv undefined on input line 3445.


LaTeX Warning: Citation `LabelleYehII' on page lv undefined on input line 3445.



LaTeX Warning: Citation `LabelleYehIII' on page lv undefined on input line 3446
.


LaTeX Warning: Citation `Lee97I' on page lv undefined on input line 3446.


LaTeX Warning: Citation `Lee97II' on page lv undefined on input line 3446.


LaTeX Warning: Citation `Lee97III' on page lv undefined on input line 3446.


LaTeX Warning: Citation `Lesky95II' on page lv undefined on input line 3446.


LaTeX Warning: Citation `Lesky96' on page lv undefined on input line 3447.


LaTeX Warning: Citation `LewanowiczI' on page lv undefined on input line 3447.


LaTeX Warning: Citation `LopezTemme2004' on page lv undefined on input line 344
7.


LaTeX Warning: Citation `Mathai' on page lv undefined on input line 3447.


LaTeX Warning: Citation `Meixner' on page lv undefined on input line 3447.


LaTeX Warning: Citation `Nikiforov+' on page lv undefined on input line 3448.


LaTeX Warning: Citation `NikiforovUvarov' on page lv undefined on input line 34
48.


LaTeX Warning: Citation `Olver' on page lv undefined on input line 3448.


LaTeX Warning: Citation `PerezPinar' on page lv undefined on input line 3448.


LaTeX Warning: Citation `Pittaluga' on page lv undefined on input line 3448.


LaTeX Warning: Citation `Rainville' on page lv undefined on input line 3449.


LaTeX Warning: Citation `SainteViennot' on page lv undefined on input line 3449
.


LaTeX Warning: Citation `Srivastava66' on page lv undefined on input line 3449.



LaTeX Warning: Citation `Srivastava69I' on page lv undefined on input line 3449
.


LaTeX Warning: Citation `Srivastava69II' on page lv undefined on input line 345
0.


LaTeX Warning: Citation `Srivastava70' on page lv undefined on input line 3450.



LaTeX Warning: Citation `Srivastava71' on page lv undefined on input line 3450.



LaTeX Warning: Citation `Szego75' on page lv undefined on input line 3450.


LaTeX Warning: Citation `Temme' on page lv undefined on input line 3450.


LaTeX Warning: Citation `Trickovic' on page lv undefined on input line 3451.


LaTeX Warning: Citation `Trivedi' on page lv undefined on input line 3451.


LaTeX Warning: Citation `Viennot' on page lv undefined on input line 3451.

[55] [56]

LaTeX Warning: Citation `Andrade' on page lvii undefined on input line 3552.


LaTeX Warning: Citation `BergVignat' on page lvii undefined on input line 3552.



LaTeX Warning: Citation `Carlitz57I' on page lvii undefined on input line 3552.



LaTeX Warning: Citation `Dattoli2003' on page lvii undefined on input line 3552
.


LaTeX Warning: Citation `DohaAhmed2004' on page lvii undefined on input line 35
53.


LaTeX Warning: Citation `DohaAhmed2006' on page lvii undefined on input line 35
53.


LaTeX Warning: Citation `Grosswald' on page lvii undefined on input line 3553.


LaTeX Warning: Citation `Ismail2005II' on page lvii undefined on input line 355
3.


LaTeX Warning: Citation `KrallFrink' on page lvii undefined on input line 3554.



LaTeX Warning: Citation `Lesky98' on page lvii undefined on input line 3554.


LaTeX Warning: Citation `NikiforovUvarov' on page lvii undefined on input line 
3554.

[57] [58]

LaTeX Warning: Reference `93' on page lix undefined on input line 3676.

[59]
Overfull \hbox (3.08974pt too wide) in paragraph at lines 3720--3726
\OT1/ptm/m/n/12 Formulas [] and [] fol-low from [[]DLMF[], (13.3.18), (13.3.20)
] to-gether with (9.12.1). 
 []


LaTeX Warning: Citation `K26' on page lx undefined on input line 3727.


LaTeX Warning: Citation `K5' on page lx undefined on input line 3748.


LaTeX Warning: Citation `Allaway76' on page lx undefined on input line 3770.


LaTeX Warning: Citation `NAlSalam66' on page lx undefined on input line 3770.


LaTeX Warning: Citation `AlSalam90' on page lx undefined on input line 3770.


LaTeX Warning: Citation `AlSalamChihara76' on page lx undefined on input line 3
770.


LaTeX Warning: Citation `AlSalamIsmail76' on page lx undefined on input line 37
71.


LaTeX Warning: Citation `AndrewsAskey85' on page lx undefined on input line 377
1.


LaTeX Warning: Citation `Area+II' on page lx undefined on input line 3771.


LaTeX Warning: Citation `Askey75' on page lx undefined on input line 3771.


LaTeX Warning: Citation `AskeyGasper77' on page lx undefined on input line 3772
.


LaTeX Warning: Citation `AskeyWilson85' on page lx undefined on input line 3772
.


LaTeX Warning: Citation `AtakRahmanSuslov' on page lx undefined on input line 3
772.


LaTeX Warning: Citation `Bavinck98' on page lx undefined on input line 3772.


LaTeX Warning: Citation `BavinckKoekoek' on page lx undefined on input line 377
3.


LaTeX Warning: Citation `Chihara78' on page lx undefined on input line 3773.


LaTeX Warning: Citation `Chihara79' on page lx undefined on input line 3773.


LaTeX Warning: Citation `Dunkl76' on page lx undefined on input line 3773.


LaTeX Warning: Citation `Erdelyi+' on page lx undefined on input line 3773.


LaTeX Warning: Citation `Gasper73I' on page lx undefined on input line 3774.


LaTeX Warning: Citation `Gasper74' on page lx undefined on input line 3774.


LaTeX Warning: Citation `Goh' on page lx undefined on input line 3774.


LaTeX Warning: Citation `HoareRahman' on page lx undefined on input line 3774.


LaTeX Warning: Citation `IsmailLetVal88' on page lx undefined on input line 377
4.


LaTeX Warning: Citation `Koekoek2000' on page lx undefined on input line 3775.


LaTeX Warning: Citation `Koorn88' on page lx undefined on input line 3775.


LaTeX Warning: Citation `Krasikov2002' on page lx undefined on input line 3775.



LaTeX Warning: Citation `LabelleYehI' on page lx undefined on input line 3775.


LaTeX Warning: Citation `LabelleYehII' on page lx undefined on input line 3776.



LaTeX Warning: Citation `LabelleYehIII' on page lx undefined on input line 3776
.


LaTeX Warning: Citation `Lesky62' on page lx undefined on input line 3776.


LaTeX Warning: Citation `Lesky89' on page lx undefined on input line 3776.


LaTeX Warning: Citation `Lesky94I' on page lx undefined on input line 3776.


LaTeX Warning: Citation `Lesky95II' on page lx undefined on input line 3777.


LaTeX Warning: Citation `LewanowiczII' on page lx undefined on input line 3777.



LaTeX Warning: Citation `LopezTemme2004' on page lx undefined on input line 377
7.


LaTeX Warning: Citation `Meixner' on page lx undefined on input line 3777.


LaTeX Warning: Citation `Nikiforov+' on page lx undefined on input line 3777.


LaTeX Warning: Citation `NikiforovUvarov' on page lx undefined on input line 37
78.


LaTeX Warning: Citation `Szafraniec' on page lx undefined on input line 3778.


LaTeX Warning: Citation `Szego75' on page lx undefined on input line 3778.


LaTeX Warning: Citation `Viennot' on page lx undefined on input line 3778.


LaTeX Warning: Citation `Zarzo+' on page lx undefined on input line 3778.


LaTeX Warning: Citation `Zeng90' on page lx undefined on input line 3779.

[60] [61] [62]

LaTeX Warning: Reference `93' on page lxiii undefined on input line 3963.


LaTeX Warning: Reference `93' on page lxiii undefined on input line 3971.

[63]

LaTeX Warning: Citation `Abram' on page lxiv undefined on input line 3993.


LaTeX Warning: Citation `NAlSalam66' on page lxiv undefined on input line 3993.



LaTeX Warning: Citation `AlSalam90' on page lxiv undefined on input line 3993.


LaTeX Warning: Citation `AlSalamChihara72' on page lxiv undefined on input line
 3993.


LaTeX Warning: Citation `AlSalamChihara76' on page lxiv undefined on input line
 3994.


LaTeX Warning: Citation `AndrewsAskey85' on page lxiv undefined on input line 3
994.


LaTeX Warning: Citation `AndrewsAskeyRoy' on page lxiv undefined on input line 
3994.


LaTeX Warning: Citation `Area+I' on page lxiv undefined on input line 3994.


LaTeX Warning: Citation `Askey68' on page lxiv undefined on input line 3995.


LaTeX Warning: Citation `Askey75' on page lxiv undefined on input line 3995.


LaTeX Warning: Citation `Askey89I' on page lxiv undefined on input line 3995.


LaTeX Warning: Citation `AskeyGasper76' on page lxiv undefined on input line 39
95.


LaTeX Warning: Citation `AskeyWilson85' on page lxiv undefined on input line 39
95.


LaTeX Warning: Citation `Azor' on page lxiv undefined on input line 3996.


LaTeX Warning: Citation `Berg' on page lxiv undefined on input line 3996.


LaTeX Warning: Citation `BilodeauII' on page lxiv undefined on input line 3996.



LaTeX Warning: Citation `Brafman51' on page lxiv undefined on input line 3996.


LaTeX Warning: Citation `Brafman57II' on page lxiv undefined on input line 3996
.


LaTeX Warning: Citation `Brenke' on page lxiv undefined on input line 3997.


LaTeX Warning: Citation `CarlitzSrivastava' on page lxiv undefined on input lin
e 3997.


LaTeX Warning: Citation `ChenSrivastava' on page lxiv undefined on input line 3
997.


LaTeX Warning: Citation `Chihara78' on page lxiv undefined on input line 3997.


LaTeX Warning: Citation `Cohen' on page lxiv undefined on input line 3998.


LaTeX Warning: Citation `Danese' on page lxiv undefined on input line 3998.


LaTeX Warning: Citation `DetteStudden92' on page lxiv undefined on input line 3
998.


LaTeX Warning: Citation `DetteStudden95' on page lxiv undefined on input line 3
998.


LaTeX Warning: Citation `Doha2004I' on page lxiv undefined on input line 3998.


LaTeX Warning: Citation `Erdelyi+' on page lxiv undefined on input line 3999.


LaTeX Warning: Citation `Faldey' on page lxiv undefined on input line 3999.


LaTeX Warning: Citation `Gawronski87' on page lxiv undefined on input line 3999
.


LaTeX Warning: Citation `Gawronski93' on page lxiv undefined on input line 3999
.


LaTeX Warning: Citation `Gillis+' on page lxiv undefined on input line 3999.


LaTeX Warning: Citation `Godoy+' on page lxiv undefined on input line 4000.


LaTeX Warning: Citation `Grad' on page lxiv undefined on input line 4000.


LaTeX Warning: Citation `Ismail74' on page lxiv undefined on input line 4000.


LaTeX Warning: Citation `Ismail2005II' on page lxiv undefined on input line 400
0.


LaTeX Warning: Citation `IsmailStanton97' on page lxiv undefined on input line 
4000.


LaTeX Warning: Citation `Koekoek2000' on page lxiv undefined on input line 4001
.


LaTeX Warning: Citation `Koorn88' on page lxiv undefined on input line 4001.


LaTeX Warning: Citation `Krasikov2004' on page lxiv undefined on input line 400
1.


LaTeX Warning: Citation `Kwon+' on page lxiv undefined on input line 4001.


LaTeX Warning: Citation `LabelleYehIII' on page lxiv undefined on input line 40
01.


LaTeX Warning: Citation `Lesky95II' on page lxiv undefined on input line 4002.


LaTeX Warning: Citation `Lesky96' on page lxiv undefined on input line 4002.


LaTeX Warning: Citation `LewanowiczI' on page lxiv undefined on input line 4002
.


LaTeX Warning: Citation `LopezTemme99' on page lxiv undefined on input line 400
2.


LaTeX Warning: Citation `Mathai' on page lxiv undefined on input line 4002.


LaTeX Warning: Citation `Meixner' on page lxiv undefined on input line 4003.


LaTeX Warning: Citation `Nikiforov+' on page lxiv undefined on input line 4003.



LaTeX Warning: Citation `NikiforovUvarov' on page lxiv undefined on input line 
4003.


LaTeX Warning: Citation `Olver' on page lxiv undefined on input line 4003.


LaTeX Warning: Citation `Pittaluga' on page lxiv undefined on input line 4003.


LaTeX Warning: Citation `Rainville' on page lxiv undefined on input line 4004.


LaTeX Warning: Citation `SainteViennot' on page lxiv undefined on input line 40
04.


LaTeX Warning: Citation `Srivastava71' on page lxiv undefined on input line 400
4.


LaTeX Warning: Citation `SrivastavaMathur' on page lxiv undefined on input line
 4004.


LaTeX Warning: Citation `Szego75' on page lxiv undefined on input line 4005.


LaTeX Warning: Citation `Temme' on page lxiv undefined on input line 4005.


LaTeX Warning: Citation `TemmeLopez2000' on page lxiv undefined on input line 4
005.


LaTeX Warning: Citation `Trickovic' on page lxiv undefined on input line 4005.


LaTeX Warning: Citation `Viennot' on page lxiv undefined on input line 4005.


LaTeX Warning: Citation `Weisner59' on page lxiv undefined on input line 4006.


LaTeX Warning: Citation `Wyman' on page lxiv undefined on input line 4006.

Package atveryend Info: Empty hook `BeforeClearDocument' on input line 4008.
[64]
Package atveryend Info: Empty hook `AfterLastShipout' on input line 4008.
 (./newtempchap09.aux)
Package atveryend Info: Executing hook `AtVeryEndDocument' on input line 4008.
Package atveryend Info: Executing hook `AtEndAfterFileList' on input line 4008.

Package rerunfilecheck Info: File `newtempchap09.out' has not changed.
(rerunfilecheck)             Checksum: 08577B85A3F2A9542668BF1D3F873D72;1134.


LaTeX Warning: There were undefined references.

Package atveryend Info: Empty hook `AtVeryVeryEnd' on input line 4008.
 ) 
Here is how much of TeX's memory you used:
 17662 strings out of 493054
 278685 string characters out of 6136544
 353634 words of memory out of 5000000
 20224 multiletter control sequences out of 15000+600000
 63246 words of font info for 147 fonts, out of 8000000 for 9000
 1141 hyphenation exceptions out of 8191
 33i,16n,40p,10381b,340s stack positions out of 5000i,500n,10000p,200000b,80000s
pdfTeX warning (dest): name{KLS416} has been referenced but does not exist, r
eplaced by a fixed one

pdfTeX warning (dest): name{KLS406} has been referenced but does not exist, rep
laced by a fixed one

pdfTeX warning (dest): name{KLS384} has been referenced but does not exist, rep
laced by a fixed one

pdfTeX warning (dest): name{KLS51} has been referenced but does not exist, repl
aced by a fixed one

pdfTeX warning (dest): name{Ism} has been referenced but does not exist, replac
ed by a fixed one

pdfTeX warning (dest): name{KLS463} has been referenced but does not exist, rep
laced by a fixed one

pdfTeX warning (dest): name{KLS382} has been referenced but does not exist, rep
laced by a fixed one

pdfTeX warning (dest): name{KLS} has been referenced but does not exist, replac
ed by a fixed one

pdfTeX warning (dest): name{Sz} has been referenced but does not exist, replace
d by a fixed one

pdfTeX warning (dest): name{KLS234} has been referenced but does not exist, rep
laced by a fixed one

pdfTeX warning (dest): name{KLS322} has been referenced but does not exist, rep
laced by a fixed one

pdfTeX warning (dest): name{KLS146} has been referenced but does not exist, rep
laced by a fixed one

pdfTeX warning (dest): name{KLS46} has been referenced but does not exist, repl
aced by a fixed one

pdfTeX warning (dest): name{KLS485} has been referenced but does not exist, rep
laced by a fixed one

pdfTeX warning (dest): name{KLS91} has been referenced but does not exist, repl
aced by a fixed one

pdfTeX warning (dest): name{KLS109} has been referenced but does not exist, rep
laced by a fixed one

pdfTeX warning (dest): name{DLMF} has been referenced but does not exist, repla
ced by a fixed one

pdfTeX warning (dest): name{KLS342} has been referenced but does not exist, rep
laced by a fixed one

pdfTeX warning (dest): name{KLS281} has been referenced but does not exist, rep
laced by a fixed one

pdfTeX warning (dest): name{KLS513} has been referenced but does not exist, rep
laced by a fixed one

pdfTeX warning (dest): name{AAR} has been referenced but does not exist, replac
ed by a fixed one

{/local/texlive/2015/texmf-dist/fonts/enc/dvips/base/8r.enc}</local/texlive/201
5/texmf-dist/fonts/type1/public/amsfonts/cm/cmex10.pfb></local/texlive/2015/tex
mf-dist/fonts/type1/public/amsfonts/cm/cmmi10.pfb></local/texlive/2015/texmf-di
st/fonts/type1/public/amsfonts/cm/cmr10.pfb></local/texlive/2015/texmf-dist/fon
ts/type1/public/amsfonts/cm/cmsy10.pfb></local/texlive/2015/texmf-dist/fonts/ty
pe1/public/amsfonts/symbols/msbm10.pfb></local/texlive/2015/texmf-dist/fonts/ty
pe1/urw/symbol/usyr.pfb></local/texlive/2015/texmf-dist/fonts/type1/urw/symbol/
usyr.pfb></local/texlive/2015/texmf-dist/fonts/type1/urw/times/utmb8a.pfb></loc
al/texlive/2015/texmf-dist/fonts/type1/urw/times/utmr8a.pfb></local/texlive/201
5/texmf-dist/fonts/type1/urw/times/utmri8a.pfb>
Output written on newtempchap09.pdf (66 pages, 319561 bytes).
PDF statistics:
 1524 PDF objects out of 1728 (max. 8388607)
 1431 compressed objects within 15 object streams
 803 named destinations out of 1000 (max. 500000)
 153 words of extra memory for PDF output out of 10000 (max. 10000000)

