This is pdfTeXk, Version 3.141592-1.40.3 (Web2C 7.5.6) (format=pdflatex 2015.9.30)  11 JAN 2016 15:16
entering extended mode
 %&-line parsing enabled.
**tempchap9.tex
(./tempchap9.tex
LaTeX2e <2005/12/01>
Babel <v3.8h> and hyphenation patterns for english, usenglishmax, dumylang, noh
yphenation, arabic, basque, bulgarian, coptic, welsh, czech, slovak, german, ng
erman, danish, esperanto, spanish, catalan, galician, estonian, farsi, finnish,
 french, greek, monogreek, ancientgreek, croatian, hungarian, interlingua, ibyc
us, indonesian, icelandic, italian, latin, mongolian, dutch, norsk, polish, por
tuguese, pinyin, romanian, russian, slovenian, uppersorbian, serbian, swedish, 
turkish, ukenglish, ukrainian, loaded.
(./svmono.cls
Document Class: svmono 2003/07/23 3.9 
Springer Verlag global LaTeX document class for monographs

Class Springer-SVMono Warning: Specified option or subpackage "graybox" 
(Springer-SVMono)              not found passing it to article class 
(Springer-SVMono)              - on input line 159.

Class Springer-SVMono Info: extra/valid Springer sub-package 
(Springer-SVMono)           not found in option list - using "global" style.
(/usr/share/texmf/tex/latex/base/article.cls
Document Class: article 2005/09/16 v1.4f Standard LaTeX document class
(/usr/share/texmf/tex/latex/base/size10.clo
File: size10.clo 2005/09/16 v1.4f Standard LaTeX file (size option)
)
\c@part=\count79
\c@section=\count80
\c@subsection=\count81
\c@subsubsection=\count82
\c@paragraph=\count83
\c@subparagraph=\count84
\c@figure=\count85
\c@table=\count86
\abovecaptionskip=\skip41
\belowcaptionskip=\skip42
\bibindent=\dimen102
)
\betweenumberspace=\dimen103
\headlineindent=\dimen104
\c@chapter=\count87
\chapstarthookwidth=\dimen105
\svitemindent=\dimen106
\verbatimindent=\dimen107
LaTeX Font Info:    Redeclaring math symbol \Gamma on input line 638.
LaTeX Font Info:    Redeclaring math symbol \Delta on input line 639.
LaTeX Font Info:    Redeclaring math symbol \Theta on input line 640.
LaTeX Font Info:    Redeclaring math symbol \Lambda on input line 641.
LaTeX Font Info:    Redeclaring math symbol \Xi on input line 642.
LaTeX Font Info:    Redeclaring math symbol \Pi on input line 643.
LaTeX Font Info:    Redeclaring math symbol \Sigma on input line 644.
LaTeX Font Info:    Redeclaring math symbol \Upsilon on input line 645.
LaTeX Font Info:    Redeclaring math symbol \Phi on input line 646.
LaTeX Font Info:    Redeclaring math symbol \Psi on input line 647.
LaTeX Font Info:    Redeclaring math symbol \Omega on input line 648.
\tocchpnum=\dimen108
\tocsecnum=\dimen109
\tocsectotal=\dimen110
\tocsubsecnum=\dimen111
\tocsubsectotal=\dimen112
\tocsubsubsecnum=\dimen113
\tocsubsubsectotal=\dimen114
\tocparanum=\dimen115
\tocparatotal=\dimen116
\tocsubparanum=\dimen117
\foot@parindent=\dimen118
\spthmsep=\dimen119
\c@theorem=\count88
\c@case=\count89
\c@conjecture=\count90
\c@corollary=\count91
\c@definition=\count92
\c@example=\count93
\c@exercise=\count94
\c@lemma=\count95
\c@note=\count96
\c@problem=\count97
\c@property=\count98
\c@proposition=\count99
\c@question=\count100
\c@solution=\count101
\c@remark=\count102
\instindent=\dimen120
\figgap=\dimen121
\figcapgap=\dimen122
\tabcapgap=\dimen123
\c@merk=\count103
)
(/usr/share/texmf/tex/latex/amsmath/amsmath.sty
Package: amsmath 2000/07/18 v2.13 AMS math features
\@mathmargin=\skip43

For additional information on amsmath, use the `?' option.
(/usr/share/texmf/tex/latex/amsmath/amstext.sty
Package: amstext 2000/06/29 v2.01

(/usr/share/texmf/tex/latex/amsmath/amsgen.sty
File: amsgen.sty 1999/11/30 v2.0
\@emptytoks=\toks14
\ex@=\dimen124
))
(/usr/share/texmf/tex/latex/amsmath/amsbsy.sty
Package: amsbsy 1999/11/29 v1.2d
\pmbraise@=\dimen125
)
(/usr/share/texmf/tex/latex/amsmath/amsopn.sty
Package: amsopn 1999/12/14 v2.01 operator names
)
\inf@bad=\count104
LaTeX Info: Redefining \frac on input line 211.
\uproot@=\count105
\leftroot@=\count106
LaTeX Info: Redefining \overline on input line 307.
\classnum@=\count107
\DOTSCASE@=\count108
LaTeX Info: Redefining \ldots on input line 379.
LaTeX Info: Redefining \dots on input line 382.
LaTeX Info: Redefining \cdots on input line 467.
\Mathstrutbox@=\box26
\strutbox@=\box27
\big@size=\dimen126
LaTeX Font Info:    Redeclaring font encoding OML on input line 567.
LaTeX Font Info:    Redeclaring font encoding OMS on input line 568.


Package amsmath Warning: Unable to redefine math accent \vec.

\macc@depth=\count109
\c@MaxMatrixCols=\count110
\dotsspace@=\muskip10
\c@parentequation=\count111
\dspbrk@lvl=\count112
\tag@help=\toks15
\row@=\count113
\column@=\count114
\maxfields@=\count115
\andhelp@=\toks16
\eqnshift@=\dimen127
\alignsep@=\dimen128
\tagshift@=\dimen129
\tagwidth@=\dimen130
\totwidth@=\dimen131
\lineht@=\dimen132
\@envbody=\toks17
\multlinegap=\skip44
\multlinetaggap=\skip45
\mathdisplay@stack=\toks18
LaTeX Info: Redefining \[ on input line 2666.
LaTeX Info: Redefining \] on input line 2667.
) (/usr/share/texmf/tex/latex/amsfonts/amssymb.sty
Package: amssymb 2002/01/22 v2.2d

(/usr/share/texmf/tex/latex/amsfonts/amsfonts.sty
Package: amsfonts 2001/10/25 v2.2f
\symAMSa=\mathgroup4
\symAMSb=\mathgroup5
LaTeX Font Info:    Overwriting math alphabet `\mathfrak' in version `bold'
(Font)                  U/euf/m/n --> U/euf/b/n on input line 132.
)) (./DLMFmath.sty
Package: DLMFmath 2000/12/20 Math Macros for DLMF

(/usr/share/texmf/tex/latex/jknapltx/mathrsfs.sty
Package: mathrsfs 1996/01/01 Math RSFS package v1.0 (jk)
\symrsfs=\mathgroup6
) (./DLMFdefun.sty)
(./DLMFfcns.sty
Package: DLMFfcns 2010/09/23 Special Function Macros for DLMF
 
! Warning: redefining \ln 
! Warning: redefining \log 
! Warning: redefining \exp 
! Warning: redefining \sin 
! Warning: redefining \cos 
! Warning: redefining \tan 
! Warning: redefining \csc 
! Warning: redefining \sec 
! Warning: redefining \cot 
! Warning: redefining \sinh 
! Warning: redefining \cosh 
! Warning: redefining \tanh 
! Warning: redefining \coth 
! Warning: redefining \log
LaTeX Info: Redefining \log@ on input line 70.
LaTeX Info: Redefining \log@@ on input line 70.
)) (./DRMFfcns.sty
Package: DRMFfcns 2013/09/09 DRMF initial stuff


! Warning: redefining \normWilsonW
LaTeX Info: Redefining \normWilsonW@ on input line 48.
)
(/usr/share/texmf/tex/latex/psnfss/mathptmx.sty
Package: mathptmx 2005/04/12 PSNFSS-v9.2a Times w/ Math, improved (SPQR, WaS) 
LaTeX Font Info:    Redeclaring symbol font `operators' on input line 28.
LaTeX Font Info:    Overwriting symbol font `operators' in version `normal'
(Font)                  OT1/cmr/m/n --> OT1/ztmcm/m/n on input line 28.
LaTeX Font Info:    Overwriting symbol font `operators' in version `bold'
(Font)                  OT1/cmr/bx/n --> OT1/ztmcm/m/n on input line 28.
LaTeX Font Info:    Redeclaring symbol font `letters' on input line 29.
LaTeX Font Info:    Overwriting symbol font `letters' in version `normal'
(Font)                  OML/cmm/m/it --> OML/ztmcm/m/it on input line 29.
LaTeX Font Info:    Overwriting symbol font `letters' in version `bold'
(Font)                  OML/cmm/b/it --> OML/ztmcm/m/it on input line 29.
LaTeX Font Info:    Redeclaring symbol font `symbols' on input line 30.
LaTeX Font Info:    Overwriting symbol font `symbols' in version `normal'
(Font)                  OMS/cmsy/m/n --> OMS/ztmcm/m/n on input line 30.
LaTeX Font Info:    Overwriting symbol font `symbols' in version `bold'
(Font)                  OMS/cmsy/b/n --> OMS/ztmcm/m/n on input line 30.
LaTeX Font Info:    Redeclaring symbol font `largesymbols' on input line 31.
LaTeX Font Info:    Overwriting symbol font `largesymbols' in version `normal'
(Font)                  OMX/cmex/m/n --> OMX/ztmcm/m/n on input line 31.
LaTeX Font Info:    Overwriting symbol font `largesymbols' in version `bold'
(Font)                  OMX/cmex/m/n --> OMX/ztmcm/m/n on input line 31.
\symbold=\mathgroup7
\symitalic=\mathgroup8
LaTeX Font Info:    Redeclaring math alphabet \mathbf on input line 34.
LaTeX Font Info:    Overwriting math alphabet `\mathbf' in version `normal'
(Font)                  OT1/cmr/bx/n --> OT1/ptm/bx/n on input line 34.
LaTeX Font Info:    Overwriting math alphabet `\mathbf' in version `bold'
(Font)                  OT1/cmr/bx/n --> OT1/ptm/bx/n on input line 34.
LaTeX Font Info:    Redeclaring math alphabet \mathit on input line 35.
LaTeX Font Info:    Overwriting math alphabet `\mathit' in version `normal'
(Font)                  OT1/cmr/m/it --> OT1/ptm/m/it on input line 35.
LaTeX Font Info:    Overwriting math alphabet `\mathit' in version `bold'
(Font)                  OT1/cmr/bx/it --> OT1/ptm/m/it on input line 35.
LaTeX Info: Redefining \hbar on input line 50.
)
(/usr/share/texmf/tex/latex/psnfss/helvet.sty
Package: helvet 2005/04/12 PSNFSS-v9.2a (WaS) 

(/usr/share/texmf/tex/latex/graphics/keyval.sty
Package: keyval 1999/03/16 v1.13 key=value parser (DPC)
\KV@toks@=\toks19
))
(/usr/share/texmf/tex/latex/psnfss/courier.sty
Package: courier 2005/04/12 PSNFSS-v9.2a (WaS) 
)
(/usr/share/texmf/tex/latex/base/makeidx.sty
Package: makeidx 2000/03/29 v1.0m Standard LaTeX package
)
(/usr/share/texmf/tex/latex/graphics/graphicx.sty
Package: graphicx 1999/02/16 v1.0f Enhanced LaTeX Graphics (DPC,SPQR)

(/usr/share/texmf/tex/latex/graphics/graphics.sty
Package: graphics 2006/02/20 v1.0o Standard LaTeX Graphics (DPC,SPQR)

(/usr/share/texmf/tex/latex/graphics/trig.sty
Package: trig 1999/03/16 v1.09 sin cos tan (DPC)
)
(/usr/share/texmf/tex/latex/config/graphics.cfg
File: graphics.cfg 2007/01/18 v1.5 graphics configuration of teTeX/TeXLive
)
Package graphics Info: Driver file: pdftex.def on input line 90.

(/usr/share/texmf/tex/latex/pdftex-def/pdftex.def
File: pdftex.def 2007/01/08 v0.04d Graphics/color for pdfTeX
\Gread@gobject=\count116
))
\Gin@req@height=\dimen133
\Gin@req@width=\dimen134
)
(/usr/share/texmf/tex/latex/tools/multicol.sty
Package: multicol 2006/05/18 v1.6g multicolumn formatting (FMi)
\c@tracingmulticols=\count117
\mult@box=\box28
\multicol@leftmargin=\dimen135
\c@unbalance=\count118
\c@collectmore=\count119
\doublecol@number=\count120
\multicoltolerance=\count121
\multicolpretolerance=\count122
\full@width=\dimen136
\page@free=\dimen137
\premulticols=\dimen138
\postmulticols=\dimen139
\multicolsep=\skip46
\multicolbaselineskip=\skip47
\partial@page=\box29
\last@line=\box30
\mult@rightbox=\box31
\mult@grightbox=\box32
\mult@gfirstbox=\box33
\mult@firstbox=\box34
\@tempa=\box35
\@tempa=\box36
\@tempa=\box37
\@tempa=\box38
\@tempa=\box39
\@tempa=\box40
\@tempa=\box41
\@tempa=\box42
\@tempa=\box43
\@tempa=\box44
\@tempa=\box45
\@tempa=\box46
\@tempa=\box47
\@tempa=\box48
\@tempa=\box49
\@tempa=\box50
\@tempa=\box51
\c@columnbadness=\count123
\c@finalcolumnbadness=\count124
\last@try=\dimen140
\multicolovershoot=\dimen141
\multicolundershoot=\dimen142
\mult@nat@firstbox=\box52
\colbreak@box=\box53
)
(/usr/share/texmf/tex/latex/footmisc/footmisc.sty
Package: footmisc 2005/03/17 v5.3d a miscellany of footnote facilities
\FN@temptoken=\toks20
\footnotemargin=\dimen143


LaTeX Warning: Command \@makecol  has changed.
               Check if current package is valid.

\c@pp@next@reset=\count125
Package footmisc Info: Declaring symbol style bringhurst on input line 817.
Package footmisc Info: Declaring symbol style chicago on input line 818.
Package footmisc Info: Declaring symbol style wiley on input line 819.
Package footmisc Info: Declaring symbol style lamport-robust on input line 823.

Package footmisc Info: Declaring symbol style lamport* on input line 831.
Package footmisc Info: Declaring symbol style lamport*-robust on input line 840
.
)
\@indexfile=\write3
\openout3 = `tempchap9.idx'.


Writing index file tempchap9.idx
\c@rom=\count126

LaTeX Warning: Unused global option(s):
    [graybox].

(./tempchap9.aux)
\openout1 = `tempchap9.aux'.

LaTeX Font Info:    Checking defaults for OML/cmm/m/it on input line 72.
LaTeX Font Info:    ... okay on input line 72.
LaTeX Font Info:    Checking defaults for T1/cmr/m/n on input line 72.
LaTeX Font Info:    ... okay on input line 72.
LaTeX Font Info:    Checking defaults for OT1/cmr/m/n on input line 72.
LaTeX Font Info:    ... okay on input line 72.
LaTeX Font Info:    Checking defaults for OMS/cmsy/m/n on input line 72.
LaTeX Font Info:    ... okay on input line 72.
LaTeX Font Info:    Checking defaults for OMX/cmex/m/n on input line 72.
LaTeX Font Info:    ... okay on input line 72.
LaTeX Font Info:    Checking defaults for U/cmr/m/n on input line 72.
LaTeX Font Info:    ... okay on input line 72.
LaTeX Font Info:    Try loading font information for OT1+ptm on input line 72.
 (/usr/share/texmf/tex/latex/psnfss/ot1ptm.fd
File: ot1ptm.fd 2001/06/04 font definitions for OT1/ptm.
)
LaTeX Font Info:    Try loading font information for OT1+ztmcm on input line 77
.

(/usr/share/texmf/tex/latex/psnfss/ot1ztmcm.fd
File: ot1ztmcm.fd 2000/01/03 Fontinst v1.801 font definitions for OT1/ztmcm.
)
LaTeX Font Info:    Try loading font information for OML+ztmcm on input line 77
.

(/usr/share/texmf/tex/latex/psnfss/omlztmcm.fd
File: omlztmcm.fd 2000/01/03 Fontinst v1.801 font definitions for OML/ztmcm.
)
LaTeX Font Info:    Try loading font information for OMS+ztmcm on input line 77
.

(/usr/share/texmf/tex/latex/psnfss/omsztmcm.fd
File: omsztmcm.fd 2000/01/03 Fontinst v1.801 font definitions for OMS/ztmcm.
)
LaTeX Font Info:    Try loading font information for OMX+ztmcm on input line 77
.

(/usr/share/texmf/tex/latex/psnfss/omxztmcm.fd
File: omxztmcm.fd 2000/01/03 Fontinst v1.801 font definitions for OMX/ztmcm.
)
LaTeX Font Info:    Try loading font information for U+rsfs on input line 77.

(/usr/share/texmf/tex/latex/jknapltx/ursfs.fd
File: ursfs.fd 1998/03/24 rsfs font definition file (jk)
)
LaTeX Font Info:    Font shape `OT1/ptm/bx/n' in size <24.88> not available
(Font)              Font shape `OT1/ptm/b/n' tried instead on input line 77.
LaTeX Font Info:    Font shape `OT1/ptm/bx/n' in size <17.28> not available
(Font)              Font shape `OT1/ptm/b/n' tried instead on input line 77.
LaTeX Font Info:    Font shape `OT1/ptm/bx/n' in size <14.4> not available
(Font)              Font shape `OT1/ptm/b/n' tried instead on input line 77.
 [1

{/var/lib/texmf/fonts/map/pdftex/updmap/pdftex.map}] [2

]

Package mathptmx Warning: There are no bold math fonts on input line 85.

LaTeX Font Info:    Font shape `OT1/ptm/bx/n' in size <12> not available
(Font)              Font shape `OT1/ptm/b/n' tried instead on input line 90.

LaTeX Warning: Reference `scheme' on page i undefined on input line 90.


LaTeX Warning: Citation `Terwilliger2006' on page i undefined on input line 97.



LaTeX Warning: Citation `TemmeLopez2001' on page i undefined on input line 98.


LaTeX Warning: Reference `Definitions' on page i undefined on input line 99.

LaTeX Font Info:    Font shape `OT1/ptm/bx/n' in size <10> not available
(Font)              Font shape `OT1/ptm/b/n' tried instead on input line 105.
LaTeX Font Info:    Font shape `OT1/ptm/bx/n' in size <9> not available
(Font)              Font shape `OT1/ptm/b/n' tried instead on input line 106.
LaTeX Font Info:    Font shape `OT1/ptm/bx/n' in size <7> not available
(Font)              Font shape `OT1/ptm/b/n' tried instead on input line 106.
[1

] [2] [3]
LaTeX Font Info:    Font shape `OT1/ptm/bx/n' in size <7.4> not available
(Font)              Font shape `OT1/ptm/b/n' tried instead on input line 257.
LaTeX Font Info:    Font shape `OT1/ptm/bx/n' in size <6> not available
(Font)              Font shape `OT1/ptm/b/n' tried instead on input line 257.
 [4]

LaTeX Warning: Citation `Askey89I' on page v undefined on input line 308.


LaTeX Warning: Citation `AskeyWilson82' on page v undefined on input line 308.


LaTeX Warning: Citation `AskeyWilson85' on page v undefined on input line 308.


LaTeX Warning: Citation `AtakRahmanSuslov' on page v undefined on input line 30
8.


LaTeX Warning: Citation `Ismail2005II' on page v undefined on input line 309.


LaTeX Warning: Citation `IsmailLetMasVal' on page v undefined on input line 309
.


LaTeX Warning: Citation `IsmailLetValWimp90' on page v undefined on input line 
309.


LaTeX Warning: Citation `IsmailLetValWimp91' on page v undefined on input line 
310.


LaTeX Warning: Citation `Koorn85' on page v undefined on input line 310.


LaTeX Warning: Citation `Koorn88' on page v undefined on input line 310.


LaTeX Warning: Citation `LeskyWaibel' on page v undefined on input line 310.


LaTeX Warning: Citation `Masson91' on page v undefined on input line 311.


LaTeX Warning: Citation `Miller87' on page v undefined on input line 311.


LaTeX Warning: Citation `MimachiII' on page v undefined on input line 311.


LaTeX Warning: Citation `ValentAssche' on page v undefined on input line 311.


LaTeX Warning: Citation `Wilson80' on page v undefined on input line 311.


LaTeX Warning: Citation `Wilson91' on page v undefined on input line 312.

[5] [6] [7]
Overfull \hbox (81.8275pt too wide) detected at line 449
[][]\OML/ztmcm/m/it/12 F[] []  [][]F[] [] [] \OT1/ztmcm/m/n/12 = [] []\OML/ztmc
m/m/it/12 R[]\OT1/ztmcm/m/n/12 (\OML/ztmcm/m/it/12 ^^U\OT1/ztmcm/m/n/12 (\OML/z
tmcm/m/it/12 x\OT1/ztmcm/m/n/12 ); \OML/ztmcm/m/it/12 ; ^^L; ^^M; ^^N\OT1/ztmc
m/m/n/12 )\OML/ztmcm/m/it/12 t[];
 []


Overfull \hbox (29.48163pt too wide) in alignment at lines 451--457
 [][][] []
 []


Overfull \hbox (57.63054pt too wide) in alignment at lines 459--465
 [][][] []
 []

[8] [9]

LaTeX Warning: Citation `Askey89I' on page x undefined on input line 530.


LaTeX Warning: Citation `AskeyWilson79' on page x undefined on input line 530.


LaTeX Warning: Citation `AskeyWilson85' on page x undefined on input line 530.


LaTeX Warning: Citation `AtakRahmanSuslov' on page x undefined on input line 53
1.


LaTeX Warning: Citation `AtakSuslov88' on page x undefined on input line 531.


LaTeX Warning: Citation `Dunkl84' on page x undefined on input line 531.


LaTeX Warning: Citation `Koorn88' on page x undefined on input line 532.


LaTeX Warning: Citation `Lesky93' on page x undefined on input line 532.


LaTeX Warning: Citation `Lesky95II' on page x undefined on input line 532.


LaTeX Warning: Citation `LeskyWaibel' on page x undefined on input line 532.


LaTeX Warning: Citation `Nikiforov+' on page x undefined on input line 533.


LaTeX Warning: Citation `NikiforovUvarov' on page x undefined on input line 533
.


LaTeX Warning: Citation `Perlstadt' on page x undefined on input line 533.


LaTeX Warning: Citation `Rahman80' on page x undefined on input line 533.


LaTeX Warning: Citation `Rahman81II' on page x undefined on input line 534.


LaTeX Warning: Citation `Wilson80' on page x undefined on input line 534.

[10] [11]

LaTeX Warning: Citation `AskeyWilson85' on page xii undefined on input line 701
.


LaTeX Warning: Citation `IsmailLetVal89' on page xii undefined on input line 70
1.


LaTeX Warning: Citation `Koorn85' on page xii undefined on input line 701.


LaTeX Warning: Citation `Koorn88' on page xii undefined on input line 701.


LaTeX Warning: Citation `Lesky94II' on page xii undefined on input line 702.


LaTeX Warning: Citation `Lesky95I' on page xii undefined on input line 702.


LaTeX Warning: Citation `Lesky95II' on page xii undefined on input line 702.


LaTeX Warning: Citation `Letessier84' on page xii undefined on input line 702.


LaTeX Warning: Citation `Letessier86' on page xii undefined on input line 703.


LaTeX Warning: Citation `MimachiII' on page xii undefined on input line 703.


LaTeX Warning: Citation `Neuman' on page xii undefined on input line 703.


LaTeX Warning: Citation `ValentAssche' on page xii undefined on input line 703.


[12] [13] [14]

LaTeX Warning: Citation `Askey85' on page xv undefined on input line 878.


LaTeX Warning: Citation `Askey89I' on page xv undefined on input line 878.


LaTeX Warning: Citation `AtakRahmanSuslov' on page xv undefined on input line 8
78.


LaTeX Warning: Citation `AtakSuslov85' on page xv undefined on input line 879.


LaTeX Warning: Citation `Badertscher' on page xv undefined on input line 879.


LaTeX Warning: Citation `Gupta91' on page xv undefined on input line 879.


LaTeX Warning: Citation `Koelink96II' on page xv undefined on input line 879.


LaTeX Warning: Citation `Koorn88' on page xv undefined on input line 880.


LaTeX Warning: Citation `Lesky94II' on page xv undefined on input line 880.


LaTeX Warning: Citation `Lesky95II' on page xv undefined on input line 880.


LaTeX Warning: Citation `Lesky97' on page xv undefined on input line 880.

[15] [16] [17]

LaTeX Warning: Citation `AlSalam90' on page xviii undefined on input line 1046.



LaTeX Warning: Citation `AndrewsAskey85' on page xviii undefined on input line 
1046.


LaTeX Warning: Citation `Area+II' on page xviii undefined on input line 1046.


LaTeX Warning: Citation `Askey75' on page xviii undefined on input line 1046.


LaTeX Warning: Citation `Askey89I' on page xviii undefined on input line 1047.


LaTeX Warning: Citation `Askey2005' on page xviii undefined on input line 1047.



LaTeX Warning: Citation `AskeyGasper77' on page xviii undefined on input line 1
047.


LaTeX Warning: Citation `AskeyWilson85' on page xviii undefined on input line 1
047.


LaTeX Warning: Citation `AtakRahmanSuslov' on page xviii undefined on input lin
e 1048.


LaTeX Warning: Citation `AtakSuslov88' on page xviii undefined on input line 10
48.


LaTeX Warning: Citation `Chihara78' on page xviii undefined on input line 1048.



LaTeX Warning: Citation `Ciesielski' on page xviii undefined on input line 1049
.


LaTeX Warning: Citation `Cooper+' on page xviii undefined on input line 1049.


LaTeX Warning: Citation `Dette95' on page xviii undefined on input line 1049.


LaTeX Warning: Citation `Dunkl76' on page xviii undefined on input line 1049.


LaTeX Warning: Citation `Dunkl78I' on page xviii undefined on input line 1050.


LaTeX Warning: Citation `Gasper73I' on page xviii undefined on input line 1050.



LaTeX Warning: Citation `Gasper74' on page xviii undefined on input line 1050.


LaTeX Warning: Citation `HoareRahman' on page xviii undefined on input line 105
0.


LaTeX Warning: Citation `Ismail77' on page xviii undefined on input line 1051.


LaTeX Warning: Citation `Ismail2005II' on page xviii undefined on input line 10
51.


LaTeX Warning: Citation `Karlin61' on page xviii undefined on input line 1051.


LaTeX Warning: Citation `Koorn81' on page xviii undefined on input line 1051.


LaTeX Warning: Citation `Koorn88' on page xviii undefined on input line 1051.


LaTeX Warning: Citation `LabelleYehI' on page xviii undefined on input line 105
2.


LaTeX Warning: Citation `LabelleYehII' on page xviii undefined on input line 10
52.


LaTeX Warning: Citation `Laine' on page xviii undefined on input line 1052.


LaTeX Warning: Citation `Lesky62' on page xviii undefined on input line 1052.


LaTeX Warning: Citation `Lesky88' on page xviii undefined on input line 1053.


LaTeX Warning: Citation `Lesky89' on page xviii undefined on input line 1053.


LaTeX Warning: Citation `Lesky94I' on page xviii undefined on input line 1053.


LaTeX Warning: Citation `Lesky95II' on page xviii undefined on input line 1053.



LaTeX Warning: Citation `LewanowiczII' on page xviii undefined on input line 10
54.


LaTeX Warning: Citation `Neuman' on page xviii undefined on input line 1054.


LaTeX Warning: Citation `Nikiforov+' on page xviii undefined on input line 1054
.


LaTeX Warning: Citation `NikiforovUvarov' on page xviii undefined on input line
 1054.


LaTeX Warning: Citation `Rahman76III' on page xviii undefined on input line 105
5.


LaTeX Warning: Citation `Rahman78I' on page xviii undefined on input line 1055.



LaTeX Warning: Citation `Rahman78II' on page xviii undefined on input line 1055
.


LaTeX Warning: Citation `Rahman81III' on page xviii undefined on input line 105
5.


LaTeX Warning: Citation `Sablonniere' on page xviii undefined on input line 105
6.


LaTeX Warning: Citation `Stanton84' on page xviii undefined on input line 1056.



LaTeX Warning: Citation `Stanton90' on page xviii undefined on input line 1056.



LaTeX Warning: Citation `Wilson80' on page xviii undefined on input line 1056.


LaTeX Warning: Citation `Wilson70II' on page xviii undefined on input line 1056
.


LaTeX Warning: Citation `Zarzo+' on page xviii undefined on input line 1057.

[18] [19] [20] [21]

LaTeX Warning: Citation `Askey2005' on page xxii undefined on input line 1233.


LaTeX Warning: Citation `AskeyWilson85' on page xxii undefined on input line 12
33.


LaTeX Warning: Citation `AtakRahmanSuslov' on page xxii undefined on input line
 1233.


LaTeX Warning: Citation `AtakSuslov88' on page xxii undefined on input line 123
3.


LaTeX Warning: Citation `Ismail2005II' on page xxii undefined on input line 123
4.


LaTeX Warning: Citation `Karlin61' on page xxii undefined on input line 1234.


LaTeX Warning: Citation `Koorn81' on page xxii undefined on input line 1234.


LaTeX Warning: Citation `Koorn88' on page xxii undefined on input line 1234.


LaTeX Warning: Citation `Lesky93' on page xxii undefined on input line 1234.


LaTeX Warning: Citation `Lesky94I' on page xxii undefined on input line 1235.


LaTeX Warning: Citation `Lesky95I' on page xxii undefined on input line 1235.


LaTeX Warning: Citation `Lesky95II' on page xxii undefined on input line 1235.


LaTeX Warning: Citation `Nikiforov+' on page xxii undefined on input line 1235.



LaTeX Warning: Citation `NikiforovUvarov' on page xxii undefined on input line 
1235.


LaTeX Warning: Citation `Rahman81II' on page xxii undefined on input line 1236.



LaTeX Warning: Citation `Stanton84' on page xxii undefined on input line 1236.


LaTeX Warning: Citation `Wilson80' on page xxii undefined on input line 1236.

[22] [23] [24]

LaTeX Warning: Citation `AlSalam90' on page xxv undefined on input line 1392.


LaTeX Warning: Citation `AlSalamChihara76' on page xxv undefined on input line 
1392.


LaTeX Warning: Citation `AndrewsAskey85' on page xxv undefined on input line 13
92.


LaTeX Warning: Citation `Araaya2004' on page xxv undefined on input line 1392.


LaTeX Warning: Citation `Araaya2005' on page xxv undefined on input line 1393.


LaTeX Warning: Citation `Askey89I' on page xxv undefined on input line 1393.


LaTeX Warning: Citation `AskeyWilson85' on page xxv undefined on input line 139
3.


LaTeX Warning: Citation `AtakRahmanSuslov' on page xxv undefined on input line 
1393.


LaTeX Warning: Citation `AtakSuslov88' on page xxv undefined on input line 1394
.


LaTeX Warning: Citation `CharrisIsmail' on page xxv undefined on input line 139
4.


LaTeX Warning: Citation `ChenIsmail97' on page xxv undefined on input line 1394
.


LaTeX Warning: Citation `Chihara78' on page xxv undefined on input line 1394.


LaTeX Warning: Citation `Ismail85II' on page xxv undefined on input line 1395.


LaTeX Warning: Citation `Ismail94' on page xxv undefined on input line 1395.


LaTeX Warning: Citation `Ismail2005II' on page xxv undefined on input line 1395
.


LaTeX Warning: Citation `IsmailLi' on page xxv undefined on input line 1395.


LaTeX Warning: Citation `IsmailStanton97' on page xxv undefined on input line 1
396.


LaTeX Warning: Citation `Koekoek2000' on page xxv undefined on input line 1396.



LaTeX Warning: Citation `Koorn88' on page xxv undefined on input line 1396.


LaTeX Warning: Citation `Koorn89II' on page xxv undefined on input line 1396.


LaTeX Warning: Citation `LabelleYehI' on page xxv undefined on input line 1397.



LaTeX Warning: Citation `LabelleYehII' on page xxv undefined on input line 1397
.


LaTeX Warning: Citation `Lesky95II' on page xxv undefined on input line 1397.


LaTeX Warning: Citation `LiWong' on page xxv undefined on input line 1397.


LaTeX Warning: Citation `Meixner' on page xxv undefined on input line 1397.


LaTeX Warning: Citation `Nikiforov+' on page xxv undefined on input line 1398.


LaTeX Warning: Citation `Rahman78I' on page xxv undefined on input line 1398.


LaTeX Warning: Citation `Wilson80' on page xxv undefined on input line 1398.


LaTeX Warning: Citation `Wimp90' on page xxv undefined on input line 1398.

[25] [26] [27]

LaTeX Warning: Citation `Abram' on page xxviii undefined on input line 1592.


LaTeX Warning: Citation `Ahmed+82' on page xxviii undefined on input line 1592.



LaTeX Warning: Citation `Allaway89' on page xxviii undefined on input line 1592
.


LaTeX Warning: Citation `NAlSalam66' on page xxviii undefined on input line 159
2.


LaTeX Warning: Citation `AlSalam64' on page xxviii undefined on input line 1592
.


LaTeX Warning: Citation `AlSalamChihara72' on page xxviii undefined on input li
ne 1593.


LaTeX Warning: Citation `AndrewsAskey85' on page xxviii undefined on input line
 1593.


LaTeX Warning: Citation `AndrewsAskeyRoy' on page xxviii undefined on input lin
e 1593.


LaTeX Warning: Citation `Askey68' on page xxviii undefined on input line 1593.


LaTeX Warning: Citation `Askey70' on page xxviii undefined on input line 1594.


LaTeX Warning: Citation `Askey72' on page xxviii undefined on input line 1594.


LaTeX Warning: Citation `Askey73' on page xxviii undefined on input line 1594.


LaTeX Warning: Citation `Askey74' on page xxviii undefined on input line 1594.


LaTeX Warning: Citation `Askey75' on page xxviii undefined on input line 1594.


LaTeX Warning: Citation `Askey78' on page xxviii undefined on input line 1594.


LaTeX Warning: Citation `Askey89I' on page xxviii undefined on input line 1595.



LaTeX Warning: Citation `Askey2005' on page xxviii undefined on input line 1595
.


LaTeX Warning: Citation `AskeyFitch' on page xxviii undefined on input line 159
5.


LaTeX Warning: Citation `AskeyGasper71I' on page xxviii undefined on input line
 1595.


LaTeX Warning: Citation `AskeyGasper71II' on page xxviii undefined on input lin
e 1595.


LaTeX Warning: Citation `AskeyGasper76' on page xxviii undefined on input line 
1596.


LaTeX Warning: Citation `AskeyWainger' on page xxviii undefined on input line 1
596.


LaTeX Warning: Citation `AskeyWilson85' on page xxviii undefined on input line 
1596.


LaTeX Warning: Citation `Bailey38' on page xxviii undefined on input line 1596.



LaTeX Warning: Citation `Brafman51' on page xxviii undefined on input line 1596
.


LaTeX Warning: Citation `Brown' on page xxviii undefined on input line 1597.


LaTeX Warning: Citation `Carlitz61II' on page xxviii undefined on input line 15
97.


LaTeX Warning: Citation `Carlitz67' on page xxviii undefined on input line 1597
.


LaTeX Warning: Citation `ChenIsmail91' on page xxviii undefined on input line 1
597.


LaTeX Warning: Citation `Chihara78' on page xxviii undefined on input line 1597
.


LaTeX Warning: Citation `Chow+' on page xxviii undefined on input line 1598.


LaTeX Warning: Citation `Ciesielski' on page xxviii undefined on input line 159
8.


LaTeX Warning: Citation `Cooper+' on page xxviii undefined on input line 1598.


LaTeX Warning: Citation `DetteStudden92' on page xxviii undefined on input line
 1598.


LaTeX Warning: Citation `DetteStudden95' on page xxviii undefined on input line
 1598.


LaTeX Warning: Citation `DijksmaKoorn' on page xxviii undefined on input line 1
599.


LaTeX Warning: Citation `DimitrovRafaeli' on page xxviii undefined on input lin
e 1599.


LaTeX Warning: Citation `DimitrovRodrigues' on page xxviii undefined on input l
ine 1599.


LaTeX Warning: Citation `Doha2002I' on page xxviii undefined on input line 1599
.


LaTeX Warning: Citation `Doha2003I' on page xxviii undefined on input line 1600
.


LaTeX Warning: Citation `Doha2004II' on page xxviii undefined on input line 160
0.


LaTeX Warning: Citation `Dunkl84' on page xxviii undefined on input line 1600.


LaTeX Warning: Citation `ElbertLaforgia87II' on page xxviii undefined on input 
line 1600.


LaTeX Warning: Citation `ElbertLaforgiaRodono' on page xxviii undefined on inpu
t line 1601.


LaTeX Warning: Citation `Erdelyi+' on page xxviii undefined on input line 1601.



LaTeX Warning: Citation `Faldey' on page xxviii undefined on input line 1601.


LaTeX Warning: Citation `FoataLeroux' on page xxviii undefined on input line 16
01.


LaTeX Warning: Citation `Gasper69' on page xxviii undefined on input line 1602.



LaTeX Warning: Citation `Gasper70I' on page xxviii undefined on input line 1602
.


LaTeX Warning: Citation `Gasper70II' on page xxviii undefined on input line 160
2.


LaTeX Warning: Citation `Gasper71I' on page xxviii undefined on input line 1602
.


LaTeX Warning: Citation `Gasper71II' on page xxviii undefined on input line 160
2.


LaTeX Warning: Citation `Gasper72I' on page xxviii undefined on input line 1603
.


LaTeX Warning: Citation `Gasper72II' on page xxviii undefined on input line 160
3.


LaTeX Warning: Citation `Gasper73I' on page xxviii undefined on input line 1603
.


LaTeX Warning: Citation `Gasper73II' on page xxviii undefined on input line 160
3.


LaTeX Warning: Citation `Gasper74' on page xxviii undefined on input line 1603.



LaTeX Warning: Citation `Gasper77' on page xxviii undefined on input line 1604.



LaTeX Warning: Citation `Gatteschi87' on page xxviii undefined on input line 16
04.


LaTeX Warning: Citation `Gautschi2008' on page xxviii undefined on input line 1
604.


LaTeX Warning: Citation `Gautschi2009I' on page xxviii undefined on input line 
1604.


LaTeX Warning: Citation `Gautschi2009II' on page xxviii undefined on input line
 1605.


LaTeX Warning: Citation `GautschiLeopardi' on page xxviii undefined on input li
ne 1605.


LaTeX Warning: Citation `GawronskiShawyer' on page xxviii undefined on input li
ne 1605.


LaTeX Warning: Citation `Godoy+' on page xxviii undefined on input line 1605.


LaTeX Warning: Citation `Grad' on page xxviii undefined on input line 1606.


LaTeX Warning: Citation `Hajmirzaahmad94' on page xxviii undefined on input lin
e 1606.


LaTeX Warning: Citation `HartmannStephan' on page xxviii undefined on input lin
e 1606.


LaTeX Warning: Citation `Horton' on page xxviii undefined on input line 1606.


LaTeX Warning: Citation `Ismail74' on page xxviii undefined on input line 1606.



LaTeX Warning: Citation `Ismail77' on page xxviii undefined on input line 1607.



LaTeX Warning: Citation `Ismail96' on page xxviii undefined on input line 1607.



LaTeX Warning: Citation `Ismail2005II' on page xxviii undefined on input line 1
607.


LaTeX Warning: Citation `IsmailLi' on page xxviii undefined on input line 1607.



LaTeX Warning: Citation `IsmailMassonRahman' on page xxviii undefined on input 
line 1608.


LaTeX Warning: Citation `Kochneff97I' on page xxviii undefined on input line 16
08.


LaTeX Warning: Citation `Koekoek99' on page xxviii undefined on input line 1608
.


LaTeX Warning: Citation `Koekoek2000' on page xxviii undefined on input line 16
08.


LaTeX Warning: Citation `Koelink96II' on page xxviii undefined on input line 16
09.


LaTeX Warning: Citation `Koorn73' on page xxviii undefined on input line 1609.


LaTeX Warning: Citation `Koorn74' on page xxviii undefined on input line 1609.


LaTeX Warning: Citation `Koorn75' on page xxviii undefined on input line 1609.


LaTeX Warning: Citation `Koorn77II' on page xxviii undefined on input line 1609
.


LaTeX Warning: Citation `Koorn78' on page xxviii undefined on input line 1610.


LaTeX Warning: Citation `Koorn72' on page xxviii undefined on input line 1610.


LaTeX Warning: Citation `Koorn85' on page xxviii undefined on input line 1610.


LaTeX Warning: Citation `Koorn88' on page xxviii undefined on input line 1610.


LaTeX Warning: Citation `KuijlaarsMartinez' on page xxviii undefined on input l
ine 1610.


LaTeX Warning: Citation `Kuijlaars+' on page xxviii undefined on input line 161
1.


LaTeX Warning: Citation `LabelleYehI' on page xxviii undefined on input line 16
11.


LaTeX Warning: Citation `LabelleYehII' on page xxviii undefined on input line 1
611.


LaTeX Warning: Citation `Laine' on page xxviii undefined on input line 1611.


LaTeX Warning: Citation `Lesky95II' on page xxviii undefined on input line 1611
.


LaTeX Warning: Citation `Lesky96' on page xxviii undefined on input line 1612.


LaTeX Warning: Citation `Li96' on page xxviii undefined on input line 1612.


LaTeX Warning: Citation `Li97' on page xxviii undefined on input line 1612.


LaTeX Warning: Citation `LopezTemme2004' on page xxviii undefined on input line
 1612.


LaTeX Warning: Citation `Luke' on page xxviii undefined on input line 1612.


LaTeX Warning: Citation `Martinez' on page xxviii undefined on input line 1612.



LaTeX Warning: Citation `Mathai' on page xxviii undefined on input line 1613.


LaTeX Warning: Citation `Meijer' on page xxviii undefined on input line 1613.


LaTeX Warning: Citation `Miller89' on page xxviii undefined on input line 1613.



LaTeX Warning: Citation `MoakSaffVarga' on page xxviii undefined on input line 
1613.


LaTeX Warning: Citation `Nikiforov+' on page xxviii undefined on input line 161
3.


LaTeX Warning: Citation `NikiforovUvarov' on page xxviii undefined on input lin
e 1614.


LaTeX Warning: Citation `Olver' on page xxviii undefined on input line 1614.


LaTeX Warning: Citation `Prasad' on page xxviii undefined on input line 1614.


LaTeX Warning: Citation `Rahman76I' on page xxviii undefined on input line 1614
.


LaTeX Warning: Citation `Rahman76II' on page xxviii undefined on input line 161
4.


LaTeX Warning: Citation `Rahman77' on page xxviii undefined on input line 1615.



LaTeX Warning: Citation `Rahman81I' on page xxviii undefined on input line 1615
.


LaTeX Warning: Citation `RahmanShah' on page xxviii undefined on input line 161
5.


LaTeX Warning: Citation `Rainville' on page xxviii undefined on input line 1615
.


LaTeX Warning: Citation `Rusev' on page xxviii undefined on input line 1615.


LaTeX Warning: Citation `Shi' on page xxviii undefined on input line 1616.


LaTeX Warning: Citation `Srivastava69II' on page xxviii undefined on input line
 1616.


LaTeX Warning: Citation `Srivastava71' on page xxviii undefined on input line 1
616.


LaTeX Warning: Citation `Srivastava82' on page xxviii undefined on input line 1
616.


LaTeX Warning: Citation `SrivastavaSinghal' on page xxviii undefined on input l
ine 1617.


LaTeX Warning: Citation `Stanton80I' on page xxviii undefined on input line 161
7.


LaTeX Warning: Citation `Stanton90' on page xxviii undefined on input line 1617
.


LaTeX Warning: Citation `Szego75' on page xxviii undefined on input line 1617.


LaTeX Warning: Citation `Temme' on page xxviii undefined on input line 1617.


LaTeX Warning: Citation `Vertesi' on page xxviii undefined on input line 1618.


LaTeX Warning: Citation `Wimp87' on page xxviii undefined on input line 1618.


LaTeX Warning: Citation `WongZhang94' on page xxviii undefined on input line 16
18.


LaTeX Warning: Citation `WongZhang2006' on page xxviii undefined on input line 
1618.


LaTeX Warning: Citation `Zarzo+' on page xxviii undefined on input line 1618.


LaTeX Warning: Citation `Zayed' on page xxviii undefined on input line 1619.

[28] [29] [30]

LaTeX Warning: Citation `Abram' on page xxxi undefined on input line 1763.


LaTeX Warning: Citation `Ahmed+86' on page xxxi undefined on input line 1763.


LaTeX Warning: Citation `AndrewsAskeyRoy' on page xxxi undefined on input line 
1763.


LaTeX Warning: Citation `Area+I' on page xxxi undefined on input line 1763.


LaTeX Warning: Citation `Askey67' on page xxxi undefined on input line 1763.


LaTeX Warning: Citation `Askey74' on page xxxi undefined on input line 1763.


LaTeX Warning: Citation `Askey75' on page xxxi undefined on input line 1763.


LaTeX Warning: Citation `Askey89I' on page xxxi undefined on input line 1764.


LaTeX Warning: Citation `AskeyFitch' on page xxxi undefined on input line 1764.



LaTeX Warning: Citation `AskeyKoornRahman' on page xxxi undefined on input line
 1764.


LaTeX Warning: Citation `Berg' on page xxxi undefined on input line 1764.


LaTeX Warning: Citation `BilodeauI' on page xxxi undefined on input line 1764.


LaTeX Warning: Citation `BojanovNikolov' on page xxxi undefined on input line 1
765.


LaTeX Warning: Citation `Brafman51' on page xxxi undefined on input line 1765.


LaTeX Warning: Citation `Brafman57I' on page xxxi undefined on input line 1765.



LaTeX Warning: Citation `Brown' on page xxxi undefined on input line 1765.


LaTeX Warning: Citation `BustozIsmail82' on page xxxi undefined on input line 1
766.


LaTeX Warning: Citation `BustozIsmail83' on page xxxi undefined on input line 1
766.


LaTeX Warning: Citation `BustozIsmail89' on page xxxi undefined on input line 1
766.


LaTeX Warning: Citation `BustozSavage79' on page xxxi undefined on input line 1
766.


LaTeX Warning: Citation `BustozSavage80' on page xxxi undefined on input line 1
767.


LaTeX Warning: Citation `Carlitz61II' on page xxxi undefined on input line 1767
.


LaTeX Warning: Citation `Chihara78' on page xxxi undefined on input line 1767.


LaTeX Warning: Citation `Common' on page xxxi undefined on input line 1767.


LaTeX Warning: Citation `Danese' on page xxxi undefined on input line 1767.


LaTeX Warning: Citation `Dette94' on page xxxi undefined on input line 1768.


LaTeX Warning: Citation `DijksmaKoorn' on page xxxi undefined on input line 176
8.


LaTeX Warning: Citation `DilcherStolarsky' on page xxxi undefined on input line
 1768.


LaTeX Warning: Citation `Dimitrov96' on page xxxi undefined on input line 1768.



LaTeX Warning: Citation `Dimitrov2003' on page xxxi undefined on input line 176
9.


LaTeX Warning: Citation `Doha2002II' on page xxxi undefined on input line 1769.



LaTeX Warning: Citation `Driver' on page xxxi undefined on input line 1769.


LaTeX Warning: Citation `ElbertLaforgia86I' on page xxxi undefined on input lin
e 1769.


LaTeX Warning: Citation `ElbertLaforgia86II' on page xxxi undefined on input li
ne 1770.


LaTeX Warning: Citation `ElbertLaforgia90' on page xxxi undefined on input line
 1770.


LaTeX Warning: Citation `Erdelyi+' on page xxxi undefined on input line 1770.


LaTeX Warning: Citation `Exton96' on page xxxi undefined on input line 1770.


LaTeX Warning: Citation `Gasper69' on page xxxi undefined on input line 1771.


LaTeX Warning: Citation `Gasper72II' on page xxxi undefined on input line 1771.



LaTeX Warning: Citation `Gasper85' on page xxxi undefined on input line 1771.


LaTeX Warning: Citation `Grad' on page xxxi undefined on input line 1771.


LaTeX Warning: Citation `Ismail74' on page xxxi undefined on input line 1771.


LaTeX Warning: Citation `Ismail2005II' on page xxxi undefined on input line 177
2.


LaTeX Warning: Citation `Koekoek2000' on page xxxi undefined on input line 1772
.


LaTeX Warning: Citation `Koorn88' on page xxxi undefined on input line 1772.


LaTeX Warning: Citation `Laforgia' on page xxxi undefined on input line 1772.


LaTeX Warning: Citation `LewanowiczI' on page xxxi undefined on input line 1772
.


LaTeX Warning: Citation `Lorch' on page xxxi undefined on input line 1773.


LaTeX Warning: Citation `Mathai' on page xxxi undefined on input line 1773.


LaTeX Warning: Citation `Nagel' on page xxxi undefined on input line 1773.


LaTeX Warning: Citation `Nikiforov+' on page xxxi undefined on input line 1773.



LaTeX Warning: Citation `NikiforovUvarov' on page xxxi undefined on input line 
1773.


LaTeX Warning: Citation `RahmanShah' on page xxxi undefined on input line 1774.



LaTeX Warning: Citation `Rainville' on page xxxi undefined on input line 1774.


LaTeX Warning: Citation `Reimer' on page xxxi undefined on input line 1774.


LaTeX Warning: Citation `Sartoretto' on page xxxi undefined on input line 1774.



LaTeX Warning: Citation `Srivastava71' on page xxxi undefined on input line 177
4.


LaTeX Warning: Citation `Szego75' on page xxxi undefined on input line 1775.


LaTeX Warning: Citation `Temme' on page xxxi undefined on input line 1775.


LaTeX Warning: Citation `Viswanathan' on page xxxi undefined on input line 1775
.


LaTeX Warning: Citation `Zayed' on page xxxi undefined on input line 1775.

[31] [32]

LaTeX Warning: Citation `Abram' on page xxxiii undefined on input line 1970.


LaTeX Warning: Citation `AskeyFitch' on page xxxiii undefined on input line 197
0.


LaTeX Warning: Citation `AskeyGasperHarris' on page xxxiii undefined on input l
ine 1970.


LaTeX Warning: Citation `AskeyIsmail76' on page xxxiii undefined on input line 
1970.


LaTeX Warning: Citation `Bavinck95' on page xxxiii undefined on input line 1971
.


LaTeX Warning: Citation `Chihara78' on page xxxiii undefined on input line 1971
.


LaTeX Warning: Citation `Danese' on page xxxiii undefined on input line 1971.


LaTeX Warning: Citation `DilcherStolarsky' on page xxxiii undefined on input li
ne 1971.


LaTeX Warning: Citation `Erdelyi+' on page xxxiii undefined on input line 1972.



LaTeX Warning: Citation `Grad' on page xxxiii undefined on input line 1972.


LaTeX Warning: Citation `HartmannStephan' on page xxxiii undefined on input lin
e 1972.


LaTeX Warning: Citation `Ismail2005II' on page xxxiii undefined on input line 1
972.


LaTeX Warning: Citation `Koekoek2000' on page xxxiii undefined on input line 19
72.


LaTeX Warning: Citation `Luke' on page xxxiii undefined on input line 1973.


LaTeX Warning: Citation `Mathai' on page xxxiii undefined on input line 1973.


LaTeX Warning: Citation `Nikiforov+' on page xxxiii undefined on input line 197
3.


LaTeX Warning: Citation `NikiforovUvarov' on page xxxiii undefined on input lin
e 1973.


LaTeX Warning: Citation `Rainville' on page xxxiii undefined on input line 1973
.


LaTeX Warning: Citation `Rayes+' on page xxxiii undefined on input line 1974.


LaTeX Warning: Citation `Rivlin' on page xxxiii undefined on input line 1974.


LaTeX Warning: Citation `SainteViennot' on page xxxiii undefined on input line 
1974.


LaTeX Warning: Citation `Szego75' on page xxxiii undefined on input line 1974.


LaTeX Warning: Citation `Temme' on page xxxiii undefined on input line 1974.


LaTeX Warning: Citation `Wilson70I' on page xxxiii undefined on input line 1975
.


LaTeX Warning: Citation `Zayed' on page xxxiii undefined on input line 1975.


LaTeX Warning: Citation `Zhang' on page xxxiii undefined on input line 1975.


LaTeX Warning: Citation `ZhangWang' on page xxxiii undefined on input line 1975
.

[33] [34]

LaTeX Warning: Citation `Abram' on page xxxv undefined on input line 2055.


LaTeX Warning: Citation `Alladi' on page xxxv undefined on input line 2055.


LaTeX Warning: Citation `AlSalam90' on page xxxv undefined on input line 2055.


LaTeX Warning: Citation `Bhonsle' on page xxxv undefined on input line 2055.


LaTeX Warning: Citation `Brafman51' on page xxxv undefined on input line 2055.


LaTeX Warning: Citation `Carlitz57II' on page xxxv undefined on input line 2056
.


LaTeX Warning: Citation `Chihara78' on page xxxv undefined on input line 2056.


LaTeX Warning: Citation `Danese' on page xxxv undefined on input line 2056.


LaTeX Warning: Citation `Dattoli2001' on page xxxv undefined on input line 2056
.


LaTeX Warning: Citation `DilcherStolarsky' on page xxxv undefined on input line
 2057.


LaTeX Warning: Citation `ElbertLaforgia94' on page xxxv undefined on input line
 2057.


LaTeX Warning: Citation `Erdelyi+' on page xxxv undefined on input line 2057.


LaTeX Warning: Citation `Grad' on page xxxv undefined on input line 2057.


LaTeX Warning: Citation `Mathai' on page xxxv undefined on input line 2058.


LaTeX Warning: Citation `Nikiforov+' on page xxxv undefined on input line 2058.



LaTeX Warning: Citation `NikiforovUvarov' on page xxxv undefined on input line 
2058.


LaTeX Warning: Citation `Olver' on page xxxv undefined on input line 2058.


LaTeX Warning: Citation `Rainville' on page xxxv undefined on input line 2058.


LaTeX Warning: Citation `Szego75' on page xxxv undefined on input line 2059.


LaTeX Warning: Citation `Temme' on page xxxv undefined on input line 2059.


LaTeX Warning: Citation `Zayed' on page xxxv undefined on input line 2059.

[35] [36]

LaTeX Warning: Citation `Askey87' on page xxxvii undefined on input line 2175.


LaTeX Warning: Citation `BorodinOlshanski' on page xxxvii undefined on input li
ne 2175.


LaTeX Warning: Citation `Lesky96' on page xxxvii undefined on input line 2175.

[37] [38]

LaTeX Warning: Citation `Allaway76' on page xxxix undefined on input line 2314.



LaTeX Warning: Citation `NAlSalam66' on page xxxix undefined on input line 2314
.


LaTeX Warning: Citation `AlSalam90' on page xxxix undefined on input line 2314.



LaTeX Warning: Citation `AlSalamChihara76' on page xxxix undefined on input lin
e 2314.


LaTeX Warning: Citation `AlSalamIsmail76' on page xxxix undefined on input line
 2315.


LaTeX Warning: Citation `Alvarez+' on page xxxix undefined on input line 2315.


LaTeX Warning: Citation `AndrewsAskey85' on page xxxix undefined on input line 
2315.


LaTeX Warning: Citation `Area+II' on page xxxix undefined on input line 2315.


LaTeX Warning: Citation `Askey75' on page xxxix undefined on input line 2315.


LaTeX Warning: Citation `Askey89I' on page xxxix undefined on input line 2316.


LaTeX Warning: Citation `Askey2005' on page xxxix undefined on input line 2316.



LaTeX Warning: Citation `AskeyGasper77' on page xxxix undefined on input line 2
316.


LaTeX Warning: Citation `AskeyIsmail76' on page xxxix undefined on input line 2
316.


LaTeX Warning: Citation `AskeyWilson85' on page xxxix undefined on input line 2
317.


LaTeX Warning: Citation `AtakRahmanSuslov' on page xxxix undefined on input lin
e 2317.


LaTeX Warning: Citation `AtakSuslov88' on page xxxix undefined on input line 23
17.


LaTeX Warning: Citation `Bavinck98' on page xxxix undefined on input line 2317.



LaTeX Warning: Citation `BavinckHaeringen' on page xxxix undefined on input lin
e 2318.


LaTeX Warning: Citation `Campigotto+' on page xxxix undefined on input line 231
8.


LaTeX Warning: Citation `Chihara78' on page xxxix undefined on input line 2318.



LaTeX Warning: Citation `Cooper+' on page xxxix undefined on input line 2318.


LaTeX Warning: Citation `Erdelyi+' on page xxxix undefined on input line 2319.


LaTeX Warning: Citation `FoataLabelle' on page xxxix undefined on input line 23
19.


LaTeX Warning: Citation `Gabutti' on page xxxix undefined on input line 2319.


LaTeX Warning: Citation `GabuttiMathis' on page xxxix undefined on input line 2
319.


LaTeX Warning: Citation `Gasper73I' on page xxxix undefined on input line 2319.



LaTeX Warning: Citation `Gasper74' on page xxxix undefined on input line 2320.


LaTeX Warning: Citation `HoareRahman' on page xxxix undefined on input line 232
0.


LaTeX Warning: Citation `Ismail2005II' on page xxxix undefined on input line 23
20.


LaTeX Warning: Citation `IsmailLetVal88' on page xxxix undefined on input line 
2320.


LaTeX Warning: Citation `IsmailLi' on page xxxix undefined on input line 2321.


LaTeX Warning: Citation `IsmailMuldoon' on page xxxix undefined on input line 2
321.


LaTeX Warning: Citation `IsmailStanton97' on page xxxix undefined on input line
 2321.


LaTeX Warning: Citation `JinWong' on page xxxix undefined on input line 2321.


LaTeX Warning: Citation `Karlin58' on page xxxix undefined on input line 2322.


LaTeX Warning: Citation `Koekoek2000' on page xxxix undefined on input line 232
2.


LaTeX Warning: Citation `Koorn88' on page xxxix undefined on input line 2322.


LaTeX Warning: Citation `LabelleYehI' on page xxxix undefined on input line 232
2.


LaTeX Warning: Citation `LabelleYehII' on page xxxix undefined on input line 23
22.


LaTeX Warning: Citation `Lesky89' on page xxxix undefined on input line 2323.


LaTeX Warning: Citation `Lesky94I' on page xxxix undefined on input line 2323.


LaTeX Warning: Citation `Lesky95II' on page xxxix undefined on input line 2323.



LaTeX Warning: Citation `LewanowiczII' on page xxxix undefined on input line 23
23.


LaTeX Warning: Citation `Meixner' on page xxxix undefined on input line 2323.


LaTeX Warning: Citation `Nikiforov+' on page xxxix undefined on input line 2324
.


LaTeX Warning: Citation `NikiforovUvarov' on page xxxix undefined on input line
 2324.


LaTeX Warning: Citation `Rahman78I' on page xxxix undefined on input line 2324.



LaTeX Warning: Citation `ValentAssche' on page xxxix undefined on input line 23
24.


LaTeX Warning: Citation `Viennot' on page xxxix undefined on input line 2325.


LaTeX Warning: Citation `Zarzo+' on page xxxix undefined on input line 2325.


LaTeX Warning: Citation `Zeng90' on page xxxix undefined on input line 2325.

[39] [40] [41]

LaTeX Warning: Citation `AlSalam90' on page xlii undefined on input line 2466.


LaTeX Warning: Citation `AndrewsAskey85' on page xlii undefined on input line 2
466.


LaTeX Warning: Citation `Area+II' on page xlii undefined on input line 2466.


LaTeX Warning: Citation `Askey75' on page xlii undefined on input line 2466.


LaTeX Warning: Citation `Askey89I' on page xlii undefined on input line 2466.


LaTeX Warning: Citation `AskeyGasper77' on page xlii undefined on input line 24
67.


LaTeX Warning: Citation `AskeyWilson85' on page xlii undefined on input line 24
67.


LaTeX Warning: Citation `AtakRahmanSuslov' on page xlii undefined on input line
 2467.


LaTeX Warning: Citation `Campigotto+' on page xlii undefined on input line 2467
.


LaTeX Warning: Citation `LChiharaStanton' on page xlii undefined on input line 
2468.


LaTeX Warning: Citation `Chihara78' on page xlii undefined on input line 2468.


LaTeX Warning: Citation `Dette95' on page xlii undefined on input line 2468.


LaTeX Warning: Citation `Dominici' on page xlii undefined on input line 2468.


LaTeX Warning: Citation `Dunkl76' on page xlii undefined on input line 2468.


LaTeX Warning: Citation `Dunkl84' on page xlii undefined on input line 2469.


LaTeX Warning: Citation `DunklRamirez' on page xlii undefined on input line 246
9.


LaTeX Warning: Citation `Erdelyi+' on page xlii undefined on input line 2469.


LaTeX Warning: Citation `FeinsilverSchott' on page xlii undefined on input line
 2469.


LaTeX Warning: Citation `Gasper73I' on page xlii undefined on input line 2470.


LaTeX Warning: Citation `Gasper74' on page xlii undefined on input line 2470.


LaTeX Warning: Citation `HoareRahman' on page xlii undefined on input line 2470
.


LaTeX Warning: Citation `Ismail2005II' on page xlii undefined on input line 247
0.


LaTeX Warning: Citation `Karlin58' on page xlii undefined on input line 2470.


LaTeX Warning: Citation `Koorn82' on page xlii undefined on input line 2471.


LaTeX Warning: Citation `Koorn88' on page xlii undefined on input line 2471.


LaTeX Warning: Citation `LabelleYehI' on page xlii undefined on input line 2471
.


LaTeX Warning: Citation `LabelleYehII' on page xlii undefined on input line 247
1.


LaTeX Warning: Citation `Lesky62' on page xlii undefined on input line 2471.


LaTeX Warning: Citation `Lesky89' on page xlii undefined on input line 2472.


LaTeX Warning: Citation `Lesky94I' on page xlii undefined on input line 2472.


LaTeX Warning: Citation `Lesky95II' on page xlii undefined on input line 2472.


LaTeX Warning: Citation `LewanowiczII' on page xlii undefined on input line 247
2.


LaTeX Warning: Citation `Nikiforov+' on page xlii undefined on input line 2472.



LaTeX Warning: Citation `NikiforovUvarov' on page xlii undefined on input line 
2473.


LaTeX Warning: Citation `Qiu' on page xlii undefined on input line 2473.


LaTeX Warning: Citation `Rahman78I' on page xlii undefined on input line 2473.


LaTeX Warning: Citation `Rahman79' on page xlii undefined on input line 2473.


LaTeX Warning: Citation `Stanton84' on page xlii undefined on input line 2473.


LaTeX Warning: Citation `Stanton90' on page xlii undefined on input line 2474.


LaTeX Warning: Citation `Szego75' on page xlii undefined on input line 2474.


LaTeX Warning: Citation `Zarzo+' on page xlii undefined on input line 2474.


LaTeX Warning: Citation `Zeng90' on page xlii undefined on input line 2474.

[42] [43] [44]

LaTeX Warning: Citation `Abdul' on page xlv undefined on input line 2619.


LaTeX Warning: Citation `Abram' on page xlv undefined on input line 2619.


LaTeX Warning: Citation `Ahmed+82' on page xlv undefined on input line 2619.


LaTeX Warning: Citation `Allaway76' on page xlv undefined on input line 2619.


LaTeX Warning: Citation `Allaway91' on page xlv undefined on input line 2619.


LaTeX Warning: Citation `NAlSalam66' on page xlv undefined on input line 2620.


LaTeX Warning: Citation `AlSalam64' on page xlv undefined on input line 2620.


LaTeX Warning: Citation `AlSalam90' on page xlv undefined on input line 2620.


LaTeX Warning: Citation `AlSalamChihara72' on page xlv undefined on input line 
2620.


LaTeX Warning: Citation `AlSalamChihara76' on page xlv undefined on input line 
2621.


LaTeX Warning: Citation `AndrewsAskey85' on page xlv undefined on input line 26
21.


LaTeX Warning: Citation `AndrewsAskeyRoy' on page xlv undefined on input line 2
621.


LaTeX Warning: Citation `Askey68' on page xlv undefined on input line 2621.


LaTeX Warning: Citation `Askey75' on page xlv undefined on input line 2622.


LaTeX Warning: Citation `Askey89I' on page xlv undefined on input line 2622.


LaTeX Warning: Citation `Askey2005' on page xlv undefined on input line 2622.


LaTeX Warning: Citation `AskeyGasper76' on page xlv undefined on input line 262
2.


LaTeX Warning: Citation `AskeyGasper77' on page xlv undefined on input line 262
2.


LaTeX Warning: Citation `AskeyIsmail76' on page xlv undefined on input line 262
3.


LaTeX Warning: Citation `AskeyIsmailKoorn' on page xlv undefined on input line 
2623.


LaTeX Warning: Citation `AskeyWilson85' on page xlv undefined on input line 262
3.


LaTeX Warning: Citation `Barrett' on page xlv undefined on input line 2623.


LaTeX Warning: Citation `Bavinck96' on page xlv undefined on input line 2624.


LaTeX Warning: Citation `Brafman51' on page xlv undefined on input line 2624.


LaTeX Warning: Citation `Brafman57II' on page xlv undefined on input line 2624.



LaTeX Warning: Citation `Brenke' on page xlv undefined on input line 2624.


LaTeX Warning: Citation `Brown' on page xlv undefined on input line 2624.


LaTeX Warning: Citation `BustozSavage79' on page xlv undefined on input line 26
25.


LaTeX Warning: Citation `BustozSavage80' on page xlv undefined on input line 26
25.


LaTeX Warning: Citation `Carlitz60' on page xlv undefined on input line 2625.


LaTeX Warning: Citation `Carlitz61I' on page xlv undefined on input line 2625.


LaTeX Warning: Citation `Carlitz61II' on page xlv undefined on input line 2626.



LaTeX Warning: Citation `Carlitz62' on page xlv undefined on input line 2626.


LaTeX Warning: Citation `Carlitz68' on page xlv undefined on input line 2626.


LaTeX Warning: Citation `ChenSrivastava' on page xlv undefined on input line 26
26.


LaTeX Warning: Citation `ChenIsmail91' on page xlv undefined on input line 2627
.


LaTeX Warning: Citation `Chihara68II' on page xlv undefined on input line 2627.



LaTeX Warning: Citation `Chihara78' on page xlv undefined on input line 2627.


LaTeX Warning: Citation `Cohen' on page xlv undefined on input line 2627.


LaTeX Warning: Citation `Cooper+' on page xlv undefined on input line 2627.


LaTeX Warning: Citation `Dattoli2001' on page xlv undefined on input line 2628.



LaTeX Warning: Citation `DetteStudden92' on page xlv undefined on input line 26
28.


LaTeX Warning: Citation `DetteStudden95' on page xlv undefined on input line 26
28.


LaTeX Warning: Citation `Dimitrov2003' on page xlv undefined on input line 2628
.


LaTeX Warning: Citation `Doha2003II' on page xlv undefined on input line 2629.


LaTeX Warning: Citation `ElbertLaforgia87I' on page xlv undefined on input line
 2629.


LaTeX Warning: Citation `Erdelyi' on page xlv undefined on input line 2629.


LaTeX Warning: Citation `Erdelyi+' on page xlv undefined on input line 2629.


LaTeX Warning: Citation `Exton98' on page xlv undefined on input line 2629.


LaTeX Warning: Citation `Faldey' on page xlv undefined on input line 2630.


LaTeX Warning: Citation `Gasper73II' on page xlv undefined on input line 2630.


LaTeX Warning: Citation `Gasper77' on page xlv undefined on input line 2630.


LaTeX Warning: Citation `Gatteschi2002' on page xlv undefined on input line 263
0.


LaTeX Warning: Citation `Gawronski87' on page xlv undefined on input line 2630.



LaTeX Warning: Citation `Gawronski93' on page xlv undefined on input line 2631.



LaTeX Warning: Citation `Gillis' on page xlv undefined on input line 2631.


LaTeX Warning: Citation `GillisIsmailOffer' on page xlv undefined on input line
 2631.


LaTeX Warning: Citation `Godoy+' on page xlv undefined on input line 2631.


LaTeX Warning: Citation `Grad' on page xlv undefined on input line 2631.


LaTeX Warning: Citation `Hajmirzaahmad95' on page xlv undefined on input line 2
632.


LaTeX Warning: Citation `Ismail74' on page xlv undefined on input line 2632.


LaTeX Warning: Citation `Ismail77' on page xlv undefined on input line 2632.


LaTeX Warning: Citation `Ismail2005II' on page xlv undefined on input line 2632
.


LaTeX Warning: Citation `IsmailLetVal88' on page xlv undefined on input line 26
33.


LaTeX Warning: Citation `IsmailLi' on page xlv undefined on input line 2633.


LaTeX Warning: Citation `IsmailMassonRahman' on page xlv undefined on input lin
e 2633.


LaTeX Warning: Citation `IsmailMuldoon' on page xlv undefined on input line 263
3.


LaTeX Warning: Citation `IsmailStanton97' on page xlv undefined on input line 2
634.


LaTeX Warning: Citation `IsmailTamhankar' on page xlv undefined on input line 2
634.


LaTeX Warning: Citation `Jackson' on page xlv undefined on input line 2634.


LaTeX Warning: Citation `Karlin58' on page xlv undefined on input line 2634.


LaTeX Warning: Citation `Kochneff95' on page xlv undefined on input line 2635.


LaTeX Warning: Citation `Kochneff97II' on page xlv undefined on input line 2635
.


LaTeX Warning: Citation `Koekoek2000' on page xlv undefined on input line 2635.



LaTeX Warning: Citation `Koorn77I' on page xlv undefined on input line 2635.


LaTeX Warning: Citation `Koorn78' on page xlv undefined on input line 2635.


LaTeX Warning: Citation `Koorn85' on page xlv undefined on input line 2636.


LaTeX Warning: Citation `Koorn88' on page xlv undefined on input line 2636.


LaTeX Warning: Citation `Krasikov2003' on page xlv undefined on input line 2636
.


LaTeX Warning: Citation `Krasikov2005' on page xlv undefined on input line 2636
.


LaTeX Warning: Citation `KuijlaarsMcLaughlin' on page xlv undefined on input li
ne 2637.


LaTeX Warning: Citation `KwonLittle' on page xlv undefined on input line 2637.


LaTeX Warning: Citation `LabelleYehI' on page xlv undefined on input line 2637.



LaTeX Warning: Citation `LabelleYehII' on page xlv undefined on input line 2637
.


LaTeX Warning: Citation `LabelleYehIII' on page xlv undefined on input line 263
8.


LaTeX Warning: Citation `Lee97I' on page xlv undefined on input line 2638.


LaTeX Warning: Citation `Lee97II' on page xlv undefined on input line 2638.


LaTeX Warning: Citation `Lee97III' on page xlv undefined on input line 2638.


LaTeX Warning: Citation `Lesky95II' on page xlv undefined on input line 2638.


LaTeX Warning: Citation `Lesky96' on page xlv undefined on input line 2639.


LaTeX Warning: Citation `LewanowiczI' on page xlv undefined on input line 2639.



LaTeX Warning: Citation `LopezTemme2004' on page xlv undefined on input line 26
39.


LaTeX Warning: Citation `Mathai' on page xlv undefined on input line 2639.


LaTeX Warning: Citation `Meixner' on page xlv undefined on input line 2639.


LaTeX Warning: Citation `Nikiforov+' on page xlv undefined on input line 2640.


LaTeX Warning: Citation `NikiforovUvarov' on page xlv undefined on input line 2
640.


LaTeX Warning: Citation `Olver' on page xlv undefined on input line 2640.


LaTeX Warning: Citation `PerezPinar' on page xlv undefined on input line 2640.


LaTeX Warning: Citation `Pittaluga' on page xlv undefined on input line 2640.


LaTeX Warning: Citation `Rainville' on page xlv undefined on input line 2641.


LaTeX Warning: Citation `SainteViennot' on page xlv undefined on input line 264
1.


LaTeX Warning: Citation `Srivastava66' on page xlv undefined on input line 2641
.


LaTeX Warning: Citation `Srivastava69I' on page xlv undefined on input line 264
1.


LaTeX Warning: Citation `Srivastava69II' on page xlv undefined on input line 26
42.


LaTeX Warning: Citation `Srivastava70' on page xlv undefined on input line 2642
.


LaTeX Warning: Citation `Srivastava71' on page xlv undefined on input line 2642
.


LaTeX Warning: Citation `Szego75' on page xlv undefined on input line 2642.


LaTeX Warning: Citation `Temme' on page xlv undefined on input line 2642.


LaTeX Warning: Citation `Trickovic' on page xlv undefined on input line 2643.


LaTeX Warning: Citation `Trivedi' on page xlv undefined on input line 2643.


LaTeX Warning: Citation `Viennot' on page xlv undefined on input line 2643.

[45] [46]

LaTeX Warning: Citation `Andrade' on page xlvii undefined on input line 2744.


LaTeX Warning: Citation `BergVignat' on page xlvii undefined on input line 2744
.


LaTeX Warning: Citation `Carlitz57I' on page xlvii undefined on input line 2744
.


LaTeX Warning: Citation `Dattoli2003' on page xlvii undefined on input line 274
4.


LaTeX Warning: Citation `DohaAhmed2004' on page xlvii undefined on input line 2
745.


LaTeX Warning: Citation `DohaAhmed2006' on page xlvii undefined on input line 2
745.


LaTeX Warning: Citation `Grosswald' on page xlvii undefined on input line 2745.



LaTeX Warning: Citation `Ismail2005II' on page xlvii undefined on input line 27
45.


LaTeX Warning: Citation `KrallFrink' on page xlvii undefined on input line 2746
.


LaTeX Warning: Citation `Lesky98' on page xlvii undefined on input line 2746.


LaTeX Warning: Citation `NikiforovUvarov' on page xlvii undefined on input line
 2746.

[47]

LaTeX Warning: Citation `Allaway76' on page xlviii undefined on input line 2846
.


LaTeX Warning: Citation `NAlSalam66' on page xlviii undefined on input line 284
6.


LaTeX Warning: Citation `AlSalam90' on page xlviii undefined on input line 2846
.


LaTeX Warning: Citation `AlSalamChihara76' on page xlviii undefined on input li
ne 2846.


LaTeX Warning: Citation `AlSalamIsmail76' on page xlviii undefined on input lin
e 2847.


LaTeX Warning: Citation `AndrewsAskey85' on page xlviii undefined on input line
 2847.


LaTeX Warning: Citation `Area+II' on page xlviii undefined on input line 2847.


LaTeX Warning: Citation `Askey75' on page xlviii undefined on input line 2847.


LaTeX Warning: Citation `AskeyGasper77' on page xlviii undefined on input line 
2848.


LaTeX Warning: Citation `AskeyWilson85' on page xlviii undefined on input line 
2848.


LaTeX Warning: Citation `AtakRahmanSuslov' on page xlviii undefined on input li
ne 2848.


LaTeX Warning: Citation `Bavinck98' on page xlviii undefined on input line 2848
.


LaTeX Warning: Citation `BavinckKoekoek' on page xlviii undefined on input line
 2849.


LaTeX Warning: Citation `Chihara78' on page xlviii undefined on input line 2849
.


LaTeX Warning: Citation `Chihara79' on page xlviii undefined on input line 2849
.


LaTeX Warning: Citation `Dunkl76' on page xlviii undefined on input line 2849.


LaTeX Warning: Citation `Erdelyi+' on page xlviii undefined on input line 2849.



LaTeX Warning: Citation `Gasper73I' on page xlviii undefined on input line 2850
.


LaTeX Warning: Citation `Gasper74' on page xlviii undefined on input line 2850.



LaTeX Warning: Citation `Goh' on page xlviii undefined on input line 2850.


LaTeX Warning: Citation `HoareRahman' on page xlviii undefined on input line 28
50.


LaTeX Warning: Citation `IsmailLetVal88' on page xlviii undefined on input line
 2850.


LaTeX Warning: Citation `Koekoek2000' on page xlviii undefined on input line 28
51.


LaTeX Warning: Citation `Koorn88' on page xlviii undefined on input line 2851.


LaTeX Warning: Citation `Krasikov2002' on page xlviii undefined on input line 2
851.


LaTeX Warning: Citation `LabelleYehI' on page xlviii undefined on input line 28
51.


LaTeX Warning: Citation `LabelleYehII' on page xlviii undefined on input line 2
852.


LaTeX Warning: Citation `LabelleYehIII' on page xlviii undefined on input line 
2852.


LaTeX Warning: Citation `Lesky62' on page xlviii undefined on input line 2852.


LaTeX Warning: Citation `Lesky89' on page xlviii undefined on input line 2852.


LaTeX Warning: Citation `Lesky94I' on page xlviii undefined on input line 2852.



LaTeX Warning: Citation `Lesky95II' on page xlviii undefined on input line 2853
.


LaTeX Warning: Citation `LewanowiczII' on page xlviii undefined on input line 2
853.


LaTeX Warning: Citation `LopezTemme2004' on page xlviii undefined on input line
 2853.


LaTeX Warning: Citation `Meixner' on page xlviii undefined on input line 2853.


LaTeX Warning: Citation `Nikiforov+' on page xlviii undefined on input line 285
3.


LaTeX Warning: Citation `NikiforovUvarov' on page xlviii undefined on input lin
e 2854.


LaTeX Warning: Citation `Szafraniec' on page xlviii undefined on input line 285
4.


LaTeX Warning: Citation `Szego75' on page xlviii undefined on input line 2854.


LaTeX Warning: Citation `Viennot' on page xlviii undefined on input line 2854.


LaTeX Warning: Citation `Zarzo+' on page xlviii undefined on input line 2854.


LaTeX Warning: Citation `Zeng90' on page xlviii undefined on input line 2855.

[48] [49] [50]

LaTeX Warning: Citation `Abram' on page li undefined on input line 3021.


LaTeX Warning: Citation `NAlSalam66' on page li undefined on input line 3021.


LaTeX Warning: Citation `AlSalam90' on page li undefined on input line 3021.


LaTeX Warning: Citation `AlSalamChihara72' on page li undefined on input line 3
021.


LaTeX Warning: Citation `AlSalamChihara76' on page li undefined on input line 3
022.


LaTeX Warning: Citation `AndrewsAskey85' on page li undefined on input line 302
2.


LaTeX Warning: Citation `AndrewsAskeyRoy' on page li undefined on input line 30
22.


LaTeX Warning: Citation `Area+I' on page li undefined on input line 3022.


LaTeX Warning: Citation `Askey68' on page li undefined on input line 3023.


LaTeX Warning: Citation `Askey75' on page li undefined on input line 3023.


LaTeX Warning: Citation `Askey89I' on page li undefined on input line 3023.


LaTeX Warning: Citation `AskeyGasper76' on page li undefined on input line 3023
.


LaTeX Warning: Citation `AskeyWilson85' on page li undefined on input line 3023
.


LaTeX Warning: Citation `Azor' on page li undefined on input line 3024.


LaTeX Warning: Citation `Berg' on page li undefined on input line 3024.


LaTeX Warning: Citation `BilodeauII' on page li undefined on input line 3024.


LaTeX Warning: Citation `Brafman51' on page li undefined on input line 3024.


LaTeX Warning: Citation `Brafman57II' on page li undefined on input line 3024.


LaTeX Warning: Citation `Brenke' on page li undefined on input line 3025.


LaTeX Warning: Citation `CarlitzSrivastava' on page li undefined on input line 
3025.


LaTeX Warning: Citation `ChenSrivastava' on page li undefined on input line 302
5.


LaTeX Warning: Citation `Chihara78' on page li undefined on input line 3025.


LaTeX Warning: Citation `Cohen' on page li undefined on input line 3026.


LaTeX Warning: Citation `Danese' on page li undefined on input line 3026.


LaTeX Warning: Citation `DetteStudden92' on page li undefined on input line 302
6.


LaTeX Warning: Citation `DetteStudden95' on page li undefined on input line 302
6.


LaTeX Warning: Citation `Doha2004I' on page li undefined on input line 3026.


LaTeX Warning: Citation `Erdelyi+' on page li undefined on input line 3027.


LaTeX Warning: Citation `Faldey' on page li undefined on input line 3027.


LaTeX Warning: Citation `Gawronski87' on page li undefined on input line 3027.


LaTeX Warning: Citation `Gawronski93' on page li undefined on input line 3027.


LaTeX Warning: Citation `Gillis+' on page li undefined on input line 3027.


LaTeX Warning: Citation `Godoy+' on page li undefined on input line 3028.


LaTeX Warning: Citation `Grad' on page li undefined on input line 3028.


LaTeX Warning: Citation `Ismail74' on page li undefined on input line 3028.


LaTeX Warning: Citation `Ismail2005II' on page li undefined on input line 3028.



LaTeX Warning: Citation `IsmailStanton97' on page li undefined on input line 30
28.


LaTeX Warning: Citation `Koekoek2000' on page li undefined on input line 3029.


LaTeX Warning: Citation `Koorn88' on page li undefined on input line 3029.


LaTeX Warning: Citation `Krasikov2004' on page li undefined on input line 3029.



LaTeX Warning: Citation `Kwon+' on page li undefined on input line 3029.


LaTeX Warning: Citation `LabelleYehIII' on page li undefined on input line 3029
.


LaTeX Warning: Citation `Lesky95II' on page li undefined on input line 3030.


LaTeX Warning: Citation `Lesky96' on page li undefined on input line 3030.


LaTeX Warning: Citation `LewanowiczI' on page li undefined on input line 3030.


LaTeX Warning: Citation `LopezTemme99' on page li undefined on input line 3030.



LaTeX Warning: Citation `Mathai' on page li undefined on input line 3030.


LaTeX Warning: Citation `Meixner' on page li undefined on input line 3031.


LaTeX Warning: Citation `Nikiforov+' on page li undefined on input line 3031.


LaTeX Warning: Citation `NikiforovUvarov' on page li undefined on input line 30
31.


LaTeX Warning: Citation `Olver' on page li undefined on input line 3031.


LaTeX Warning: Citation `Pittaluga' on page li undefined on input line 3031.


LaTeX Warning: Citation `Rainville' on page li undefined on input line 3032.


LaTeX Warning: Citation `SainteViennot' on page li undefined on input line 3032
.


LaTeX Warning: Citation `Srivastava71' on page li undefined on input line 3032.



LaTeX Warning: Citation `SrivastavaMathur' on page li undefined on input line 3
032.


LaTeX Warning: Citation `Szego75' on page li undefined on input line 3033.


LaTeX Warning: Citation `Temme' on page li undefined on input line 3033.


LaTeX Warning: Citation `TemmeLopez2000' on page li undefined on input line 303
3.


LaTeX Warning: Citation `Trickovic' on page li undefined on input line 3033.


LaTeX Warning: Citation `Viennot' on page li undefined on input line 3033.


LaTeX Warning: Citation `Weisner59' on page li undefined on input line 3034.


LaTeX Warning: Citation `Wyman' on page li undefined on input line 3034.

[51] (./tempchap9.aux)

LaTeX Warning: There were undefined references.

 ) 
Here is how much of TeX's memory you used:
 5192 strings out of 256214
 58419 string characters out of 1917000
 122141 words of memory out of 1500000
 8412 multiletter control sequences out of 10000+200000
 61688 words of font info for 144 fonts, out of 1200000 for 2000
 645 hyphenation exceptions out of 8191
 29i,13n,24p,238b,196s stack positions out of 5000i,500n,6000p,200000b,15000s
{/usr/share/texmf/fonts/enc/dvips/base/8r.enc}</usr/share/texmf/fonts/type1/b
luesky/cm/cmex10.pfb></usr/share/texmf/fonts/type1/bluesky/cm/cmmi10.pfb></usr/
share/texmf/fonts/type1/bluesky/cm/cmr10.pfb></usr/share/texmf/fonts/type1/blue
sky/cm/cmsy10.pfb></usr/share/texmf/fonts/type1/urw/symbol/usyr.pfb></usr/share
/texmf/fonts/type1/urw/symbol/usyr.pfb></usr/share/texmf/fonts/type1/urw/times/
utmb8a.pfb></usr/share/texmf/fonts/type1/urw/times/utmr8a.pfb></usr/share/texmf
/fonts/type1/urw/times/utmri8a.pfb>
Output written on tempchap9.pdf (53 pages, 231287 bytes).
PDF statistics:
 210 PDF objects out of 1000 (max. 8388607)
 0 named destinations out of 1000 (max. 131072)
 1 words of extra memory for PDF output out of 10000 (max. 10000000)

